Mar 28, 2025 19:38:31.952 [139699695000320] INFO - Plex Media Scanner v1.41.5.9522-a96edc606 - Docker Docker Container x86_64 - build: linux-x86_64 - GMT -06:00
Mar 28, 2025 19:38:31.952 [139699695000320] INFO - Linux version: 6.1.0-32-amd64, language: en-US
Mar 28, 2025 19:38:31.953 [139699695000320] INFO - Processor: 12-core AMD Ryzen 5 4600G with Radeon Graphics
Mar 28, 2025 19:38:31.953 [139699695000320] INFO - /usr/lib/plexmediaserver/Plex Media Scanner --match --type 1 --log-file-suffix  Matcher --item 1
Mar 28, 2025 19:38:31.953 [139699695501056] DEBUG - Opening 20 database sessions to library (com.plexapp.plugins.library), SQLite 3.39.4, threadsafe=1
Mar 28, 2025 19:38:32.018 [139699695501056] DEBUG - Matcher: found 0 auxiliary files for 215926 Tiny
Mar 28, 2025 19:38:32.018 [139699695501056] DEBUG - [MI] Opening input file: "/media/Movies/215926_tiny.mp4"
Mar 28, 2025 19:38:32.018 [139699695501056] DEBUG - [FFMPEG] - Opening '/media/Movies/215926_tiny.mp4' for reading
Mar 28, 2025 19:38:32.018 [139699695501056] DEBUG - [FFMPEG] - Setting default whitelist 'file,crypto,data'
Mar 28, 2025 19:38:32.018 [139699695501056] DEBUG - [FFMPEG] - Format mov,mp4,m4a,3gp,3g2,mj2 probed with size=2048 and score=100
Mar 28, 2025 19:38:32.018 [139699695501056] DEBUG - [FFMPEG] - ISO: File Type Major Brand: iso5
Mar 28, 2025 19:38:32.019 [139699695501056] DEBUG - [FFMPEG] - Unknown dref type 0x206c7275 size 12
Mar 28, 2025 19:38:32.019 [139699695501056] DEBUG - [FFMPEG] - found tfdt time -2002, using it for dts
Mar 28, 2025 19:38:32.019 [139699695501056] DEBUG - [FFMPEG] - found tfdt time 248248, using it for dts
Mar 28, 2025 19:38:32.019 [139699695501056] DEBUG - [FFMPEG] - Before avformat_find_stream_info() pos: 238741 bytes read:65536 seeks:1 nb_streams:1
Mar 28, 2025 19:38:32.019 [139699695501056] DEBUG - [FFMPEG] - nal_unit_type: 7(SPS), nal_ref_idc: 3
Mar 28, 2025 19:38:32.019 [139699695501056] DEBUG - [FFMPEG] - nal_unit_type: 8(PPS), nal_ref_idc: 3
Mar 28, 2025 19:38:32.019 [139699695501056] DEBUG - [FFMPEG] - nal_unit_type: 7(SPS), nal_ref_idc: 3
Mar 28, 2025 19:38:32.019 [139699695501056] DEBUG - [FFMPEG] - nal_unit_type: 8(PPS), nal_ref_idc: 3
Mar 28, 2025 19:38:32.020 [139699695501056] DEBUG - [FFMPEG] - nal_unit_type: 6(SEI), nal_ref_idc: 0
Mar 28, 2025 19:38:32.020 [139699695501056] DEBUG - [FFMPEG] - nal_unit_type: 5(IDR), nal_ref_idc: 3
Mar 28, 2025 19:38:32.020 [139699695501056] DEBUG - [FFMPEG] - Format yuv420p chosen by get_format().
Mar 28, 2025 19:38:32.020 [139699695501056] DEBUG - [FFMPEG] - no picture 
Mar 28, 2025 19:38:32.021 [139699695501056] DEBUG - [FFMPEG] - nal_unit_type: 1(Coded slice of a non-IDR picture), nal_ref_idc: 2
Mar 28, 2025 19:38:32.021 [139699695501056] DEBUG - [FFMPEG] - no picture 
Mar 28, 2025 19:38:32.022 [139699695501056] DEBUG - [FFMPEG] - nal_unit_type: 1(Coded slice of a non-IDR picture), nal_ref_idc: 2
Mar 28, 2025 19:38:32.022 [139699695501056] DEBUG - [FFMPEG] - nal_unit_type: 1(Coded slice of a non-IDR picture), nal_ref_idc: 0
Mar 28, 2025 19:38:32.023 [139699695501056] DEBUG - [FFMPEG] - nal_unit_type: 1(Coded slice of a non-IDR picture), nal_ref_idc: 0
Mar 28, 2025 19:38:32.023 [139699695501056] DEBUG - [FFMPEG] - nal_unit_type: 1(Coded slice of a non-IDR picture), nal_ref_idc: 2
Mar 28, 2025 19:38:32.024 [139699695501056] DEBUG - [FFMPEG] - nal_unit_type: 1(Coded slice of a non-IDR picture), nal_ref_idc: 2
Mar 28, 2025 19:38:32.024 [139699695501056] DEBUG - [FFMPEG] - nal_unit_type: 1(Coded slice of a non-IDR picture), nal_ref_idc: 0
Mar 28, 2025 19:38:32.025 [139699695501056] DEBUG - [FFMPEG] - nal_unit_type: 1(Coded slice of a non-IDR picture), nal_ref_idc: 0
Mar 28, 2025 19:38:32.025 [139699695501056] DEBUG - [FFMPEG] - All info found
Mar 28, 2025 19:38:32.026 [139699695501056] DEBUG - [FFMPEG] - After avformat_find_stream_info() pos: 28821 bytes read:98304 seeks:2 frames:21
Mar 28, 2025 19:38:32.026 [139699695501056] DEBUG - [FFMPEG] - nal_unit_type: 7(SPS), nal_ref_idc: 3
Mar 28, 2025 19:38:32.026 [139699695501056] DEBUG - [FFMPEG] - nal_unit_type: 8(PPS), nal_ref_idc: 3
Mar 28, 2025 19:38:32.026 [139699695501056] DEBUG - [MI] Closing input file: "/media/Movies/215926_tiny.mp4"
Mar 28, 2025 19:38:32.027 [139699695501056] DEBUG - Matcher: no sidecar subtitle files found for /media/Movies/215926_tiny.mp4
