Mar 29, 2025 15:27:40.374 [0x7f5818d44b38] INFO - Plex Tuner Service v1.41.5.9522-a96edc606 - Docker Docker Container x86_64 - build: 
Mar 29, 2025 15:27:40.374 [0x7f5818d44b38] INFO - Linux version: 6.1.0-32-amd64 (#1 SMP PREEMPT_DYNAMIC Debian 6.1.129-1 (2025-03-06)), language: en-US
Mar 29, 2025 15:27:40.374 [0x7f5818d44b38] INFO - Processor AMD Ryzen 5 4600G with Radeon Graphics
Mar 29, 2025 15:27:40.374 [0x7f5818d44b38] INFO - /usr/lib/plexmediaserver/Plex Tuner Service /usr/lib/plexmediaserver/Resources/Tuner/Private /usr/lib/plexmediaserver/Resources/Tuner/Shared 1.41.5.9522-a96edc606 32600
Mar 29, 2025 15:27:40.374 [0x7f581a8b6808] INFO - [I] broker_t::start...
Mar 29, 2025 15:27:40.379 [0x7f581a8b6808] INFO - [I] device_manager_t::init.
Mar 29, 2025 15:27:40.379 [0x7f581a8b6808] INFO - [I] device_manager_t::init. Initialize provider manager
Mar 29, 2025 15:27:40.379 [0x7f581a8b6808] INFO - [I] device_manager_t::init. Initialize all device auxes
Mar 29, 2025 15:27:40.379 [0x7f581a8b6808] INFO - [I] dvb_device_factory_t::get_aux_list
Mar 29, 2025 15:27:40.379 [0x7f581a8b6808] INFO - [I] tvbutler_aux_t::init
Mar 29, 2025 15:27:40.381 [0x7f581a8b6808] INFO - [I] web_server_t::start. Starting web server on port 32600
Mar 29, 2025 15:27:49.112 [0x7f5818ab8b38] INFO - [I] web_service_t::process_device_discovery
Mar 29, 2025 15:27:49.112 [0x7f5818ab8b38] INFO - [I] device_reactor_t::get_device_list ()
Mar 29, 2025 15:27:51.124 [0x7f5818ab8b38] INFO - [I] SAT2IP - discover_satip_servers(): no servers found
Mar 29, 2025 15:27:51.550 [0x7f5818ab8b38] INFO - [I] v4l::DeviceGetList_impl. getting v4l device list
Mar 29, 2025 15:27:51.556 [0x7f5818ab8b38] INFO - [I] onetv_factory::DeviceGetListEx >>
Mar 29, 2025 15:27:51.556 [0x7f5818ab8b38] WARN - [W] onetv_factory::DeviceGetListEx. libusb_init returned an error -99
Mar 29, 2025 15:38:13.986 [0x7f581a8b6808] INFO - Received SIGINT: Interrupt from keyboard.
Mar 29, 2025 15:38:14.023 [0x7f581a8b6808] INFO - [I] device_manager_t::term
Mar 29, 2025 15:38:14.023 [0x7f581a8b6808] INFO - [I] device_manager_t::term. Stop all devices
Mar 29, 2025 15:38:14.023 [0x7f581a8b6808] INFO - [I] device_manager_t::term. Shut down all device auxes
Mar 29, 2025 15:38:14.023 [0x7f581a8b6808] INFO - [I] tvbutler_aux_t::term
Mar 29, 2025 15:38:14.024 [0x7f581a8b6808] INFO - [I] web_server_t::stop. Web server is stopped
Mar 29, 2025 15:38:14.024 [0x7f581a8b6808] INFO - [I] device_manager_t::term
Mar 29, 2025 15:38:14.024 [0x7f581a8b6808] INFO - [I] device_manager_t::term. Stop all devices
Mar 29, 2025 15:38:14.024 [0x7f581a8b6808] INFO - [I] device_manager_t::term. Shut down all device auxes
Mar 29, 2025 15:38:14.024 [0x7f581a8b6808] INFO - [I] broker_t::shutdown. Shutdown is completed.
