Mar 29, 2025 22:56:00.972 [140681948334904] INFO - Plex Media Server v1.41.5.9522-a96edc606 - Docker Docker Container x86_64 - build: linux-x86_64 debian - GMT -06:00
Mar 29, 2025 22:56:00.973 [140681948334904] INFO - Linux version: 6.1.0-32-amd64, language: en-US
Mar 29, 2025 22:56:00.973 [140681948334904] INFO - Processor: 12-core AMD Ryzen 5 4600G with Radeon Graphics
Mar 29, 2025 22:56:00.973 [140681948334904] INFO - Compiler is - Clang 11.0.1 (https://plex.tv 9b997da8e5b47bdb4a9425b3a3b290be393b4b1f)
Mar 29, 2025 22:56:00.973 [140681948334904] INFO - /usr/lib/plexmediaserver/Plex Media Server
Mar 29, 2025 22:56:00.972 [140681950870160] DEBUG - BPQ: [Idle] -> [Starting]
Mar 29, 2025 22:56:00.973 [140681950870160] DEBUG - FeatureManager: Using cached data for features list
Mar 29, 2025 22:56:00.976 [140681950870160] DEBUG - MyPlex: mapping state set to 'Unknown'.
Mar 29, 2025 22:56:00.976 [140681950870160] DEBUG - Relay: read 9 cached entries from hosts file
Mar 29, 2025 22:56:00.976 [140681950870160] DEBUG - Opening 20 database sessions to library (com.plexapp.plugins.library), SQLite 3.39.4, threadsafe=1
Mar 29, 2025 22:56:01.000 [140681950870160] DEBUG - MyPlex: using cached data for request for https://plex.tv/api/v2/server/users/features
Mar 29, 2025 22:56:01.018 [140681950870160] DEBUG - [CERT] Subject name is /CN=*.c5578e9e8a7b4d4abb76dab51761555c.plex.direct
Mar 29, 2025 22:56:01.018 [140681950870160] DEBUG - [CERT] Installed certificate with fingerprint 66:be:d3:15:64:df:6b:ac:89:80:96:8a:e9:ff:44:b5:eb:11:4c:c2.
Mar 29, 2025 22:56:01.018 [140681950870160] DEBUG - [CERT/OCSP] Stapling requests will be made to 'http://r11.o.lencr.org/'.
Mar 29, 2025 22:56:01.018 [140681950870160] INFO - [CERT/OCSP] Successfully retrieved response from cache.
Mar 29, 2025 22:56:01.018 [140681950870160] DEBUG - HttpServer: Listening on IPv6 as well as IPv4.
Mar 29, 2025 22:56:01.018 [140681950870160] DEBUG - HttpServer: Listening on port 32400.
Mar 29, 2025 22:56:01.018 [140681950870160] DEBUG - HttpServer: Listening on port 32401.
Mar 29, 2025 22:56:01.018 [140681950870160] DEBUG - Running server...
Mar 29, 2025 22:56:01.018 [140681930586936] DEBUG - HttpServer: Set up a thread pool with 2 threads.
Mar 29, 2025 22:56:01.018 [140681950870160] INFO - Running migrations. (EPG 0)
Mar 29, 2025 22:56:01.018 [140681950870160] DEBUG - Captured session 0.
Mar 29, 2025 22:56:01.018 [140681950870160] DEBUG - Captured session 1.
Mar 29, 2025 22:56:01.018 [140681950870160] DEBUG - Captured session 2.
Mar 29, 2025 22:56:01.018 [140681950870160] DEBUG - Captured session 3.
Mar 29, 2025 22:56:01.018 [140681950870160] DEBUG - Captured session 4.
Mar 29, 2025 22:56:01.018 [140681950870160] DEBUG - Captured session 5.
Mar 29, 2025 22:56:01.018 [140681950870160] DEBUG - Captured session 6.
Mar 29, 2025 22:56:01.018 [140681950870160] DEBUG - Captured session 7.
Mar 29, 2025 22:56:01.018 [140681950870160] DEBUG - Captured session 8.
Mar 29, 2025 22:56:01.018 [140681950870160] DEBUG - Captured session 9.
Mar 29, 2025 22:56:01.018 [140681950870160] DEBUG - Captured session 10.
Mar 29, 2025 22:56:01.018 [140681950870160] DEBUG - Captured session 11.
Mar 29, 2025 22:56:01.018 [140681950870160] DEBUG - Captured session 12.
Mar 29, 2025 22:56:01.018 [140681950870160] DEBUG - Captured session 13.
Mar 29, 2025 22:56:01.018 [140681950870160] DEBUG - Captured session 14.
Mar 29, 2025 22:56:01.018 [140681950870160] DEBUG - Captured session 15.
Mar 29, 2025 22:56:01.018 [140681950870160] DEBUG - Captured session 16.
Mar 29, 2025 22:56:01.018 [140681950870160] DEBUG - Captured session 17.
Mar 29, 2025 22:56:01.018 [140681950870160] DEBUG - Captured session 18.
Mar 29, 2025 22:56:01.018 [140681950870160] DEBUG - Captured session 19.
Mar 29, 2025 22:56:01.020 [140681950870160] DEBUG - ChangestampAllocator: initialized to 14
Mar 29, 2025 22:56:01.021 [140681950870160] DEBUG - Opening 2 database sessions to library (com.plexapp.plugins.library.blobs), SQLite 3.39.4, threadsafe=1
Mar 29, 2025 22:56:01.024 [140681950870160] INFO - Running migrations. (EPG 0)
Mar 29, 2025 22:56:01.025 [140681950870160] DEBUG - Captured session 0.
Mar 29, 2025 22:56:01.025 [140681950870160] DEBUG - Captured session 1.
Mar 29, 2025 22:56:01.025 [140681943591736] DEBUG - [GPU] Cuda library was not found on the system
Mar 29, 2025 22:56:01.036 [140681943591736] DEBUG - Grabber: Cleaning up orphaned grabs.
Mar 29, 2025 22:56:01.036 [140681950870160] DEBUG - Media Provider: Registering provider com.plexapp.plugins.library
Mar 29, 2025 22:56:01.037 [140681943591736] DEBUG - Grabber: Cleaned up 0 decrepit directories in 0.0 sec.
Mar 29, 2025 22:56:01.037 [140681950870160] DEBUG - Auth: Refreshing tokens inside the token-based authentication filter.
Mar 29, 2025 22:56:01.037 [140681950870160] DEBUG - MyPlex: using cached data for request for https://plex.tv/api/v2/server/access_tokens?auth_token=xxxxxxxxxxxxxxxxxxxx
Mar 29, 2025 22:56:01.037 [140681924176696] DEBUG - [MediaProviderManager/HCl#1] HTTP requesting GET https://plex.tv/media/providers?X-Plex-Token=xxxxxxxxxxxxxxxxxxxx
Mar 29, 2025 22:56:01.037 [140681950870160] DEBUG - MyPlex: updating with 7 access tokens
Mar 29, 2025 22:56:01.037 [140681950870160] DEBUG - MyPlex: using cached data for request for https://plex.tv/api/v2/server/users?auth_token=xxxxxxxxxxxxxxxxxxxx
Mar 29, 2025 22:56:01.037 [140681950870160] DEBUG - MyPlex: using cached data for request for https://plex.tv/api/v2/server/users/subscriptions?auth_token=xxxxxxxxxxxxxxxxxxxx
Mar 29, 2025 22:56:01.037 [140681950870160] DEBUG - MyPlex: using cached data for request for https://plex.tv/api/v2/server/users/services?auth_token=xxxxxxxxxxxxxxxxxxxx
Mar 29, 2025 22:56:01.037 [140681919904568] DEBUG - Auth: Refreshing tokens inside the token-based authentication filter.
Mar 29, 2025 22:56:01.038 [140681919904568] DEBUG - [HCl#2] HTTP requesting GET https://plex.tv/api/v2/server/access_tokens?auth_token=xxxxxxxxxxxxxxxxxxxx
Mar 29, 2025 22:56:01.038 [140681950870160] DEBUG - Opening 1 database sessions to library (), SQLite 3.39.4, threadsafe=1
Mar 29, 2025 22:56:01.039 [140681913379640] DEBUG - File "/usr/lib/plexmediaserver/Resources/Plug-ins-a96edc606" changed: -1 => 2025-02-21 08:33:10 (1740151990).
Mar 29, 2025 22:56:01.039 [140681913379640] DEBUG - File "/config/Library/Application Support/Plex Media Server/Plug-ins" changed: -1 => 2025-03-28 17:08:32 (1743203312).
Mar 29, 2025 22:56:01.039 [140681913379640] DEBUG - Scanning for plug-ins in "/usr/lib/plexmediaserver/Resources/Plug-ins-a96edc606"
Mar 29, 2025 22:56:01.041 [140681913379640] DEBUG - Scanning for plug-ins in "/config/Library/Application Support/Plex Media Server/Plug-ins"
Mar 29, 2025 22:56:01.041 [140681913379640] DEBUG - PluginRepository::setStartState: 1, startingSystem
Mar 29, 2025 22:56:01.041 [140681913379640] DEBUG - Starting plug-in /usr/lib/plexmediaserver/Resources/Plug-ins-a96edc606/System.bundle.
Mar 29, 2025 22:56:01.041 [140681913379640] DEBUG - [com.plexapp.system] Setting plug-in to always running (daemon mode).
Mar 29, 2025 22:56:01.042 [140681913379640] DEBUG - Starting file watcher for com.plexapp.system
Mar 29, 2025 22:56:01.042 [140681913379640] DEBUG - Plugin: setting environment variable: 'PYTHONHOME=/usr/lib/plexmediaserver/Resources/Python'
Mar 29, 2025 22:56:01.042 [140681913379640] DEBUG - Plugin: setting environment variable: 'PYTHONPATH=/usr/lib/plexmediaserver/Resources/Python/python27.zip:/usr/lib/plexmediaserver/Resources/Python/lib/python2.7/site-packages'
Mar 29, 2025 22:56:01.042 [140681913379640] DEBUG - Spawned plug-in com.plexapp.system with PID 279
Mar 29, 2025 22:56:01.042 [140681913379640] DEBUG - [com.plexapp.system] Sending command: GET /:/prefixes
Mar 29, 2025 22:56:01.527 [140681922014008] DEBUG - [HttpClient/HCl#2] HTTP/1.1 (0.5s) 403 response from GET https://plex.tv/api/v2/server/access_tokens?auth_token=xxxxxxxxxxxxxxxxxxxx
Mar 29, 2025 22:56:01.528 [140681915579192] ERROR - MyPlex: Error 403 requesting XML from: https://plex.tv/api/v2/server/access_tokens?auth_token=xxxxxxxxxxxxxxxxxxxx
Mar 29, 2025 22:56:01.528 [140681919904568] ERROR - MyPlex: Couldn't get list of access tokens from myPlex.
Mar 29, 2025 22:56:01.554 [140681922014008] DEBUG - [HttpClient/HCl#1] HTTP/1.1 (0.5s) 200 response from GET https://plex.tv/media/providers?X-Plex-Token=xxxxxxxxxxxxxxxxxxxx
Mar 29, 2025 22:56:01.555 [140681924176696] DEBUG - [MediaProviderManager/HCl#3] HTTP requesting GET https://plex.tv/media/providers?X-Plex-Token=xxxxxxxxxxxxxxxxxxxx
Mar 29, 2025 22:56:01.686 [140681909021496] DEBUG - Request: [127.0.0.1:36752 (Loopback)] GET / (3 live) #1 GZIP Token ()
Mar 29, 2025 22:56:01.686 [140681906912056] DEBUG - Request: [127.0.0.1:36760 (Loopback)] GET /:/plugins/com.plexapp.system/messaging/function/X0J1bmRsZVNlcnZpY2U6QWxsU2VydmljZXM_/Y2VyZWFsMQoxCmxpc3QKMApyMAo_/Y2VyZWFsMQoxCmRpY3QKMApyMAo_ (3 live) #3 GZIP Token ()
Mar 29, 2025 22:56:01.686 [140681935989560] DEBUG - Completed: [127.0.0.1:36752] 503 GET / (3 live) #1 GZIP 0ms 436 bytes
Mar 29, 2025 22:56:01.687 [140681935989560] DEBUG - Completed: [127.0.0.1:36760] 503 GET /:/plugins/com.plexapp.system/messaging/function/X0J1bmRsZVNlcnZpY2U6QWxsU2VydmljZXM_/Y2VyZWFsMQoxCmxpc3QKMApyMAo_/Y2VyZWFsMQoxCmRpY3QKMApyMAo_ (2 live) #3 GZIP 0ms 436 bytes
Mar 29, 2025 22:56:01.703 [140681922014008] DEBUG - [HttpClient/HCl#3] HTTP/1.1 (0.1s) 200 response from GET https://plex.tv/media/providers?X-Plex-Token=xxxxxxxxxxxxxxxxxxxx (reused)
Mar 29, 2025 22:56:01.703 [140681924176696] DEBUG - [MediaProviderManager] discovered cloud provider (Movies & Shows)
Mar 29, 2025 22:56:01.703 [140681924176696] DEBUG - [MediaProviderManager] discovered cloud provider (Metadata)
Mar 29, 2025 22:56:01.703 [140681924176696] DEBUG - [MediaProviderManager] loading cloud provider details (Metadata) (alive: 0)
Mar 29, 2025 22:56:01.703 [140681919904568] DEBUG - [MediaProviderManager/HCl#5] HTTP requesting GET https://vod.provider.plex.tv?includePreferences=1
Mar 29, 2025 22:56:01.846 [140681924176696] DEBUG - [MediaProviderManager] loading cloud provider details (Movies & Shows) (alive: 0)
Mar 29, 2025 22:56:01.846 [140681924176696] DEBUG - [MediaProviderManager/HCl#7] HTTP requesting GET https://vod.provider.plex.tv?includePreferences=1
Mar 29, 2025 22:56:01.848 [140681922014008] DEBUG - [HttpClient/HCl#5] HTTP/2.0 (0.1s) 200 response from GET https://vod.provider.plex.tv?includePreferences=1
Mar 29, 2025 22:56:01.873 [140681922014008] DEBUG - [HttpClient/HCl#7] HTTP/2.0 (0.0s) 200 response from GET https://vod.provider.plex.tv?includePreferences=1 (reused)
Mar 29, 2025 22:56:01.874 [140681924176696] DEBUG - [MediaProviderManager] we had 0 cloud providers online, we now have 2
Mar 29, 2025 22:56:01.874 [140681924176696] DEBUG - [MediaProviderManager] cloud provider (Metadata) is online and available
Mar 29, 2025 22:56:01.874 [140681924176696] DEBUG - [MediaProviderManager] cloud provider (Movies & Shows) is online and available
Mar 29, 2025 22:56:01.874 [140681924176696] DEBUG - [MediaProviderManager/MetadataAgentManager] attempted to online our built-in agents but we're not yet signed in
Mar 29, 2025 22:56:02.191 [140681909021496] DEBUG - Request: [127.0.0.1:36770 (Loopback)] GET /servers (2 live) #4 GZIP Token ()
Mar 29, 2025 22:56:02.191 [140681935989560] DEBUG - Completed: [127.0.0.1:36770] 503 GET /servers (2 live) #4 GZIP 0ms 436 bytes
Mar 29, 2025 22:56:02.200 [140681913379640] DEBUG - Reading 486 bytes in the body, code is 200
Mar 29, 2025 22:56:02.200 [140681913379640] DEBUG - [com.plexapp.system] Plug-in running on port 43495.
Mar 29, 2025 22:56:02.200 [140681913379640] DEBUG -  * Plug-in handles prefix: /system
Mar 29, 2025 22:56:02.200 [140681913379640] DEBUG -  * Plug-in handles prefix: /player
Mar 29, 2025 22:56:02.200 [140681913379640] DEBUG - Read configuration for [com.plexapp.system], had 2 prefixes
Mar 29, 2025 22:56:02.200 [140681913379640] DEBUG - Done with 1 synchronous plug-in starts, starting the rest in parallel.
Mar 29, 2025 22:56:02.200 [140681913379640] DEBUG - PluginRepository::setStartState: 2, startingPlugins
Mar 29, 2025 22:56:02.200 [140681913379640] DEBUG - Updating the list of agents known by the system.
Mar 29, 2025 22:56:02.200 [140681913379640] DEBUG - [com.plexapp.system] Sending command over HTTP (GET): /system/agents
Mar 29, 2025 22:56:02.200 [140681913379640] DEBUG - [HCl#8] HTTP requesting GET http://127.0.0.1:43495/system/agents
Mar 29, 2025 22:56:02.200 [140681950870160] DEBUG - Image transcode cache directory: "/config/Library/Application Support/Plex Media Server/Cache/PhotoTranscoder"
Mar 29, 2025 22:56:02.201 [140681950870160] DEBUG - Transcoder: Cleaning old transcode directories.
Mar 29, 2025 22:56:02.201 [140681950870160] DEBUG - MyPlex: using cached data for request for https://plex.tv/api/v2/server/access_tokens?auth_token=xxxxxxxxxxxxxxxxxxxx
Mar 29, 2025 22:56:02.201 [140681950870160] DEBUG - MyPlex: updating with 7 access tokens
Mar 29, 2025 22:56:02.201 [140681950870160] DEBUG - MyPlex: using cached data for request for https://plex.tv/api/v2/server/users?auth_token=xxxxxxxxxxxxxxxxxxxx
Mar 29, 2025 22:56:02.201 [140681950870160] DEBUG - MyPlex: using cached data for request for https://plex.tv/api/v2/server/users/subscriptions?auth_token=xxxxxxxxxxxxxxxxxxxx
Mar 29, 2025 22:56:02.201 [140681924176696] DEBUG - [MediaProviderManager/HCl#9] HTTP requesting GET https://plex.tv/media/providers?X-Plex-Token=xxxxxxxxxxxxxxxxxxxx
Mar 29, 2025 22:56:02.201 [140681950870160] DEBUG - MyPlex: using cached data for request for https://plex.tv/api/v2/server/users/services?auth_token=xxxxxxxxxxxxxxxxxxxx
Mar 29, 2025 22:56:02.202 [140681950870160] DEBUG - MyPlex: using cached data for request for https://plex.tv/api/v2/user?includeSubscriptions=1&includeProviders=1
Mar 29, 2025 22:56:02.202 [140681950870160] DEBUG - MyPlex: username is williamwest407, login is williamneilwest@gmail.com, home is 0, no pin
Mar 29, 2025 22:56:02.203 [140681950870160] DEBUG - MyPlex: start public ip check and mapping - current mapped state: 'Unknown'.
Mar 29, 2025 22:56:02.203 [140681950870160] DEBUG - MyPlex: mapping state set to 'Not Mapped'.
Mar 29, 2025 22:56:02.203 [140681950870160] DEBUG - PublicAddressManager: Starting.
Mar 29, 2025 22:56:02.203 [140681950870160] DEBUG - PublicAddressManager: Obtaining public address and mapping port.
Mar 29, 2025 22:56:02.203 [140681919904568] DEBUG - PublicAddressManager: Obtaining public IP.
Mar 29, 2025 22:56:02.203 [140681919904568] DEBUG - [HCl#a] HTTP requesting GET https://v4.plex.tv/pms/:/ip
Mar 29, 2025 22:56:02.203 [140681900116792] DEBUG - [HCl#b] HTTP requesting GET https://plex.tv/api/v2/user?includeSubscriptions=1&includeProviders=1
Mar 29, 2025 22:56:02.204 [140681950870160] DEBUG - NetworkInterface: Starting watch thread.
Mar 29, 2025 22:56:02.204 [140681950870160] DEBUG - Network change.
Mar 29, 2025 22:56:02.204 [140681950870160] DEBUG - NetworkInterface: Notified of network changed (force=0)
Mar 29, 2025 22:56:02.204 [140681895897912] DEBUG - NetworkInterface: Watching for changes on the interfaces.
Mar 29, 2025 22:56:02.204 [140681950870160] DEBUG - Detected primary interface: 172.18.0.4
Mar 29, 2025 22:56:02.204 [140681950870160] DEBUG - Network interfaces:
Mar 29, 2025 22:56:02.204 [140681950870160] DEBUG -  * 1 lo (127.0.0.1) (00-00-00-00-00-00) (loopback: 1)
Mar 29, 2025 22:56:02.204 [140681950870160] DEBUG -  * 2 eth0 (172.18.0.4) (46-49-A2-32-CB-73) (loopback: 0)
Mar 29, 2025 22:56:02.204 [140681950870160] DEBUG -  * 1 lo (::1) (00-00-00-00-00-00) (loopback: 1)
Mar 29, 2025 22:56:02.204 [140681950870160] DEBUG - Creating NetworkServices singleton.
Mar 29, 2025 22:56:02.204 [140681950870160] DEBUG - NetworkServices: Initializing...
Mar 29, 2025 22:56:02.204 [140681950870160] DEBUG - NetworkService: Creating new service.
Mar 29, 2025 22:56:02.204 [140681950870160] DEBUG - NetworkService: Got notification of changed network (first change: 1)
Mar 29, 2025 22:56:02.204 [140681950870160] DEBUG - NetworkService: Quick dispatch of network change.
Mar 29, 2025 22:56:02.204 [140681950870160] DEBUG - NetworkService: Creating new service.
Mar 29, 2025 22:56:02.204 [140681950870160] DEBUG - NetworkService: Got notification of changed network (first change: 1)
Mar 29, 2025 22:56:02.204 [140681950870160] DEBUG - NetworkService: Quick dispatch of network change.
Mar 29, 2025 22:56:02.204 [140681950870160] DEBUG - NetworkService: Creating new service.
Mar 29, 2025 22:56:02.204 [140681950870160] DEBUG - NetworkService: Got notification of changed network (first change: 1)
Mar 29, 2025 22:56:02.204 [140681950870160] DEBUG - NetworkService: Quick dispatch of network change.
Mar 29, 2025 22:56:02.204 [140681950870160] DEBUG - NetworkService: Creating new service.
Mar 29, 2025 22:56:02.204 [140681950870160] DEBUG - NetworkService: Got notification of changed network (first change: 1)
Mar 29, 2025 22:56:02.204 [140681950870160] DEBUG - NetworkService: Quick dispatch of network change.
Mar 29, 2025 22:56:02.204 [140681950870160] DEBUG - NetworkService: Creating new service.
Mar 29, 2025 22:56:02.204 [140681950870160] DEBUG - NetworkService: Got notification of changed network (first change: 1)
Mar 29, 2025 22:56:02.204 [140681950870160] DEBUG - NetworkService: Quick dispatch of network change.
Mar 29, 2025 22:56:02.204 [140681950870160] DEBUG - NetworkService: Creating new service.
Mar 29, 2025 22:56:02.204 [140681950870160] DEBUG - NetworkService: Got notification of changed network (first change: 1)
Mar 29, 2025 22:56:02.204 [140681950870160] DEBUG - NetworkService: Quick dispatch of network change.
Mar 29, 2025 22:56:02.205 [140681893788472] DEBUG - Network change for advertiser.
Mar 29, 2025 22:56:02.205 [140681893788472] DEBUG - NetworkService: Setting up multicast listener on 0.0.0.0:32414
Mar 29, 2025 22:56:02.205 [140681885350712] DEBUG - [ChildProcessMonitor] Plex Tuner Service starting.
Mar 29, 2025 22:56:02.205 [140681943591736] DEBUG - [DatabaseFixups] Running fix-ups.
Mar 29, 2025 22:56:02.205 [140681893788472] DEBUG - Network change for advertiser.
Mar 29, 2025 22:56:02.205 [140681885350712] DEBUG - [ChildProcessMonitor/JobRunner] Job running: "/usr/lib/plexmediaserver/Plex Tuner Service" /usr/lib/plexmediaserver/Resources/Tuner/Private /usr/lib/plexmediaserver/Resources/Tuner/Shared 1.41.5.9522-a96edc606 32600
Mar 29, 2025 22:56:02.205 [140681893788472] DEBUG - NetworkService: Setting up multicast listener on 0.0.0.0:32410
Mar 29, 2025 22:56:02.205 [140681885350712] DEBUG - [ChildProcessMonitor/JobRunner] Jobs: Starting child process with pid 324
Mar 29, 2025 22:56:02.206 [140681891679032] DEBUG - [HCl#d] HTTP requesting GET https://plex.tv/api/v2/release_channels?X-Plex-Token=xxxxxxxxxxxxxxxxxxxx
Mar 29, 2025 22:56:02.206 [140681893788472] DEBUG - Network change for advertiser.
Mar 29, 2025 22:56:02.206 [140681889569592] DEBUG - [HCl#c] HTTP requesting GET https://plex.tv/api/v2/user/privacy?X-Plex-Token=xxxxxxxxxxxxxxxxxxxx
Mar 29, 2025 22:56:02.206 [140681893788472] DEBUG - NetworkService: Setting up multicast listener on 0.0.0.0:32412
Mar 29, 2025 22:56:02.206 [140681881131832] DEBUG - [HCl#e] HTTP requesting GET https://plex.tv/api/v2/features?X-Plex-Token=xxxxxxxxxxxxxxxxxxxx
Mar 29, 2025 22:56:02.206 [140681950870160] DEBUG - Waiting for server condition to be signaled.
Mar 29, 2025 22:56:02.206 [140681893788472] DEBUG - NetworkService: Network change for browser (polled=0), closing 0 browse sockets.
Mar 29, 2025 22:56:02.206 [140681876912952] DEBUG - DVR: Starting up.
Mar 29, 2025 22:56:02.206 [140681893788472] DEBUG - NetworkService: Setting up multicast listener on 0.0.0.0:32413
Mar 29, 2025 22:56:02.206 [140681893788472] DEBUG - NetworkService: Browsing on interface 127.0.0.1 on broadcast address 127.255.255.255 (index: 0)
Mar 29, 2025 22:56:02.206 [140681893788472] DEBUG - NetworkService: Browsing on interface 172.18.0.4 on broadcast address 172.18.255.255 (index: 1)
Mar 29, 2025 22:56:02.206 [140681893788472] DEBUG - NetworkService: Network change for browser (polled=1), closing 0 browse sockets.
Mar 29, 2025 22:56:02.206 [140681893788472] DEBUG - NetworkService: Browsing on interface 127.0.0.1 on broadcast address 127.255.255.255 (index: 0)
Mar 29, 2025 22:56:02.206 [140681893788472] DEBUG - NetworkService: Browsing on interface 172.18.0.4 on broadcast address 172.18.255.255 (index: 1)
Mar 29, 2025 22:56:02.206 [140681893788472] DEBUG - NetworkService: Network change for browser (polled=0), closing 0 browse sockets.
Mar 29, 2025 22:56:02.206 [140681893788472] DEBUG - NetworkService: Setting up multicast listener on 0.0.0.0:1901
Mar 29, 2025 22:56:02.206 [140681893788472] DEBUG - NetworkService: Browsing on interface 172.18.0.4 on broadcast address 239.255.255.250 (index: 0)
Mar 29, 2025 22:56:02.206 [140681876912952] DEBUG - Activity: registered new activity 8189ce69-ef2c-40b2-aa99-f1d19f8aa6ac - "Processing subscriptions"
Mar 29, 2025 22:56:02.207 [140681943591736] DEBUG - [DatabaseFixups] Destroyed 0 transient items.
Mar 29, 2025 22:56:02.207 [140681943591736] DEBUG - [DatabaseFixups] Collections: Found 0 collections tags in section 1.
Mar 29, 2025 22:56:02.207 [140681943591736] DEBUG - [DatabaseFixups] Collections: We had 0 collections in the library already.
Mar 29, 2025 22:56:02.207 [140681943591736] DEBUG - [DatabaseFixups] Collections: Synced tags in section 1 in 0ms.
Mar 29, 2025 22:56:02.208 [140681943591736] DEBUG - [DatabaseFixups] Collections: Refreshed attributes for 0 collections in section 1 in 0ms.
Mar 29, 2025 22:56:02.208 [140681943591736] DEBUG - [DatabaseFixups] Collection: Refreshed visibility in section 1 in 0ms.
Mar 29, 2025 22:56:02.209 [140681943591736] DEBUG - [DatabaseFixups] Running database fix-ups completed in 0.0 seconds.
Mar 29, 2025 22:56:02.227 [140681922014008] DEBUG - [HttpClient/HCl#8] HTTP/1.1 (0.0s) 200 response from GET http://127.0.0.1:43495/system/agents
Mar 29, 2025 22:56:02.227 [140681913379640] DEBUG - [com.plexapp.system] HTTP reply status 200, with 8986 bytes of content.
Mar 29, 2025 22:56:02.229 [140681913379640] DEBUG - The system knows about 12 agents.
Mar 29, 2025 22:56:02.229 [140681870584632] DEBUG - Starting plug-in /usr/lib/plexmediaserver/Resources/Plug-ins-a96edc606/Media-Flags.bundle.
Mar 29, 2025 22:56:02.229 [140681868475192] DEBUG - Starting plug-in /usr/lib/plexmediaserver/Resources/Plug-ins-a96edc606/Scanners.bundle.
Mar 29, 2025 22:56:02.229 [140681866365752] DEBUG - Starting plug-in /usr/lib/plexmediaserver/Resources/Plug-ins-a96edc606/TheMovieDB.bundle.
Mar 29, 2025 22:56:02.229 [140681913379640] DEBUG - Waiting for 16 plug-ins to finish starting.
Mar 29, 2025 22:56:02.230 [140681870584632] DEBUG - Starting plug-in /usr/lib/plexmediaserver/Resources/Plug-ins-a96edc606/PersonalMedia.bundle.
Mar 29, 2025 22:56:02.230 [140681868475192] DEBUG - Starting plug-in /usr/lib/plexmediaserver/Resources/Plug-ins-a96edc606/TheTVDBv4.bundle.
Mar 29, 2025 22:56:02.230 [140681866365752] DEBUG - Perfect cache hit, we don't need to start [com.plexapp.agents.themoviedb] yet.
Mar 29, 2025 22:56:02.230 [140681866365752] DEBUG - Starting plug-in /usr/lib/plexmediaserver/Resources/Plug-ins-a96edc606/WebClient.bundle.
Mar 29, 2025 22:56:02.231 [140681870584632] DEBUG - Perfect cache hit, we don't need to start [com.plexapp.agents.none] yet.
Mar 29, 2025 22:56:02.231 [140681870584632] DEBUG - Starting plug-in /usr/lib/plexmediaserver/Resources/Plug-ins-a96edc606/LyricFind.bundle.
Mar 29, 2025 22:56:02.231 [140681868475192] DEBUG - Perfect cache hit, we don't need to start [com.plexapp.agents.thetvdb] yet.
Mar 29, 2025 22:56:02.232 [140681868475192] DEBUG - Starting plug-in /usr/lib/plexmediaserver/Resources/Plug-ins-a96edc606/PlexMovie.bundle.
Mar 29, 2025 22:56:02.232 [140681866365752] DEBUG - Starting plug-in /usr/lib/plexmediaserver/Resources/Plug-ins-a96edc606/HTbackdrops.bundle.
Mar 29, 2025 22:56:02.232 [140681870584632] DEBUG - Perfect cache hit, we don't need to start [com.plexapp.agents.lyricfind] yet.
Mar 29, 2025 22:56:02.232 [140681870584632] DEBUG - Starting plug-in /usr/lib/plexmediaserver/Resources/Plug-ins-a96edc606/Fanart-TV.bundle.
Mar 29, 2025 22:56:02.233 [140681868475192] DEBUG - Perfect cache hit, we don't need to start [com.plexapp.agents.imdb] yet.
Mar 29, 2025 22:56:02.233 [140681868475192] DEBUG - Starting plug-in /usr/lib/plexmediaserver/Resources/Plug-ins-a96edc606/Musicbrainz.bundle.
Mar 29, 2025 22:56:02.233 [140681866365752] DEBUG - Perfect cache hit, we don't need to start [com.plexapp.agents.htbackdrops] yet.
Mar 29, 2025 22:56:02.233 [140681870584632] DEBUG - Perfect cache hit, we don't need to start [com.plexapp.agents.fanarttv] yet.
Mar 29, 2025 22:56:02.233 [140681866365752] DEBUG - Starting plug-in /usr/lib/plexmediaserver/Resources/Plug-ins-a96edc606/MoviePosterDB.bundle.
Mar 29, 2025 22:56:02.233 [140681870584632] DEBUG - Starting plug-in /usr/lib/plexmediaserver/Resources/Plug-ins-a96edc606/PlexThemeMusic.bundle.
Mar 29, 2025 22:56:02.234 [140681870584632] DEBUG - Perfect cache hit, we don't need to start [com.plexapp.agents.plexthememusic] yet.
Mar 29, 2025 22:56:02.234 [140681870584632] DEBUG - Starting plug-in /usr/lib/plexmediaserver/Resources/Plug-ins-a96edc606/LastFM.bundle.
Mar 29, 2025 22:56:02.234 [140681868475192] DEBUG - Perfect cache hit, we don't need to start [org.musicbrainz.agents.music] yet.
Mar 29, 2025 22:56:02.235 [140681868475192] DEBUG - Starting plug-in /usr/lib/plexmediaserver/Resources/Plug-ins-a96edc606/LocalMedia.bundle.
Mar 29, 2025 22:56:02.235 [140681866365752] DEBUG - Perfect cache hit, we don't need to start [com.plexapp.agents.movieposterdb] yet.
Mar 29, 2025 22:56:02.235 [140681866365752] DEBUG - Starting plug-in /usr/lib/plexmediaserver/Resources/Plug-ins-a96edc606/Framework.bundle.
Mar 29, 2025 22:56:02.236 [140681870584632] DEBUG - Perfect cache hit, we don't need to start [com.plexapp.agents.lastfm] yet.
Mar 29, 2025 22:56:02.236 [140681868475192] DEBUG - Perfect cache hit, we don't need to start [com.plexapp.agents.localmedia] yet.
Mar 29, 2025 22:56:02.236 [140681913379640] DEBUG - Starting scheduled updates, every 86400 seconds
Mar 29, 2025 22:56:02.236 [140681913379640] INFO - Refreshing paths watched by LibraryUpdateManager
Mar 29, 2025 22:56:02.237 [140681851599672] DEBUG - Downloading document http://127.0.0.1:32400/:/plugins/com.plexapp.agents.imdb/prefs
Mar 29, 2025 22:56:02.237 [140681913379640] DEBUG - LibraryUpdateManager will start watching /media/Movies
Mar 29, 2025 22:56:02.237 [140681913379640] DEBUG - [Notify] Initializing.
Mar 29, 2025 22:56:02.237 [140681849490232] DEBUG - [Notify] Waiting for inotify notifications...
Mar 29, 2025 22:56:02.237 [140681913379640] DEBUG - Done waiting for all plug-ins to start.
Mar 29, 2025 22:56:02.237 [140681913379640] DEBUG - PluginRepository::setStartState: 3, complete
Mar 29, 2025 22:56:02.237 [140681851599672] DEBUG - Translator: Found locale et_EE
Mar 29, 2025 22:56:02.237 [140681851599672] DEBUG - Translator: Found locale sk
Mar 29, 2025 22:56:02.237 [140681851599672] DEBUG - Translator: Found locale sv
Mar 29, 2025 22:56:02.237 [140681851599672] DEBUG - Translator: Found locale no
Mar 29, 2025 22:56:02.237 [140681851599672] DEBUG - Translator: Found locale lt
Mar 29, 2025 22:56:02.237 [140681851599672] DEBUG - Translator: Found locale cs_CZ
Mar 29, 2025 22:56:02.237 [140681851599672] DEBUG - Translator: Found locale uk
Mar 29, 2025 22:56:02.237 [140681851599672] DEBUG - Translator: Found locale ar
Mar 29, 2025 22:56:02.237 [140681851599672] DEBUG - Translator: Found locale en
Mar 29, 2025 22:56:02.237 [140681851599672] DEBUG - Translator: Found locale ru
Mar 29, 2025 22:56:02.237 [140681851599672] DEBUG - Translator: Found locale ro
Mar 29, 2025 22:56:02.237 [140681851599672] DEBUG - Translator: Found locale da
Mar 29, 2025 22:56:02.237 [140681851599672] DEBUG - Translator: Found locale pl
Mar 29, 2025 22:56:02.237 [140681851599672] DEBUG - Translator: Found locale hr_HR
Mar 29, 2025 22:56:02.237 [140681851599672] DEBUG - Translator: Found locale pt
Mar 29, 2025 22:56:02.237 [140681851599672] DEBUG - Translator: Found locale fr
Mar 29, 2025 22:56:02.237 [140681851599672] DEBUG - Translator: Found locale af
Mar 29, 2025 22:56:02.237 [140681851599672] DEBUG - Translator: Found locale sl
Mar 29, 2025 22:56:02.237 [140681851599672] DEBUG - Translator: Found locale nl
Mar 29, 2025 22:56:02.237 [140681851599672] DEBUG - Translator: Found locale es
Mar 29, 2025 22:56:02.237 [140681851599672] DEBUG - Translator: Found locale de
Mar 29, 2025 22:56:02.237 [140681851599672] DEBUG - Translator: Found locale hu
Mar 29, 2025 22:56:02.237 [140681851599672] DEBUG - Translator: Found locale ko
Mar 29, 2025 22:56:02.237 [140681851599672] DEBUG - Translator: Found locale zh_CN
Mar 29, 2025 22:56:02.237 [140681851599672] DEBUG - Translator: Found locale he
Mar 29, 2025 22:56:02.237 [140681851599672] DEBUG - Translator: Found locale hu_HU
Mar 29, 2025 22:56:02.237 [140681851599672] DEBUG - Translator: Found locale nl_BE
Mar 29, 2025 22:56:02.237 [140681851599672] DEBUG - Translator: Found locale ja_JP
Mar 29, 2025 22:56:02.237 [140681851599672] DEBUG - Translator: Found locale sr
Mar 29, 2025 22:56:02.237 [140681851599672] DEBUG - Translator: Found locale pt_BR
Mar 29, 2025 22:56:02.237 [140681851599672] DEBUG - Translator: Found locale it
Mar 29, 2025 22:56:02.237 [140681851599672] DEBUG - Translator: Found locale fi
Mar 29, 2025 22:56:02.241 [140681851599672] DEBUG - [Req#a] Starting file watcher for com.plexapp.agents.imdb
Mar 29, 2025 22:56:02.241 [140681851599672] DEBUG - [Req#a] Plugin: setting environment variable: 'PYTHONHOME=/usr/lib/plexmediaserver/Resources/Python'
Mar 29, 2025 22:56:02.241 [140681851599672] DEBUG - [Req#a] Plugin: setting environment variable: 'PYTHONPATH=/usr/lib/plexmediaserver/Resources/Python/python27.zip:/usr/lib/plexmediaserver/Resources/Python/lib/python2.7/site-packages'
Mar 29, 2025 22:56:02.241 [140681851599672] DEBUG - [Req#a] Spawned plug-in com.plexapp.agents.imdb with PID 364
Mar 29, 2025 22:56:02.241 [140681851599672] DEBUG - [Req#a] [com.plexapp.agents.imdb] Sending command: GET /:/prefixes
Mar 29, 2025 22:56:02.268 [140681879022392] DEBUG - PublicAddressManager: Obtaining public address and mapping port.
Mar 29, 2025 22:56:02.440 [140681922014008] DEBUG - [HttpClient/HCl#9] HTTP/1.1 (0.2s) 200 response from GET https://plex.tv/media/providers?X-Plex-Token=xxxxxxxxxxxxxxxxxxxx (reused)
Mar 29, 2025 22:56:02.441 [140681924176696] DEBUG - [MediaProviderManager/HCl#f] HTTP requesting GET https://plex.tv/media/providers?X-Plex-Token=xxxxxxxxxxxxxxxxxxxx
Mar 29, 2025 22:56:02.596 [140681922014008] DEBUG - [HttpClient/HCl#f] HTTP/1.1 (0.2s) 200 response from GET https://plex.tv/media/providers?X-Plex-Token=xxxxxxxxxxxxxxxxxxxx (reused)
Mar 29, 2025 22:56:02.597 [140681924176696] DEBUG - [MediaProviderManager] discovered cloud provider (Movies & Shows)
Mar 29, 2025 22:56:02.597 [140681924176696] DEBUG - [MediaProviderManager] discovered cloud provider (Metadata)
Mar 29, 2025 22:56:02.597 [140681924176696] DEBUG - [MediaProviderManager] loading cloud provider details (Metadata) (alive: 1)
Mar 29, 2025 22:56:02.597 [140681924176696] DEBUG - [MediaProviderManager] loading cloud provider details (Movies & Shows) (alive: 1)
Mar 29, 2025 22:56:02.597 [140681924176696] DEBUG - [MediaProviderManager] we had 2 cloud providers online, we now have 2
Mar 29, 2025 22:56:02.597 [140681924176696] DEBUG - [MediaProviderManager] cloud provider (Metadata) is online and available
Mar 29, 2025 22:56:02.597 [140681924176696] DEBUG - [MediaProviderManager] cloud provider (Movies & Shows) is online and available
Mar 29, 2025 22:56:02.695 [140681922014008] DEBUG - [HttpClient/HCl#c] HTTP/1.1 (0.5s) 200 response from GET https://plex.tv/api/v2/user/privacy?X-Plex-Token=xxxxxxxxxxxxxxxxxxxx
Mar 29, 2025 22:56:02.699 [140681922014008] DEBUG - [HttpClient/HCl#d] HTTP/1.1 (0.5s) 200 response from GET https://plex.tv/api/v2/release_channels?X-Plex-Token=xxxxxxxxxxxxxxxxxxxx
Mar 29, 2025 22:56:02.734 [140681922014008] DEBUG - [HttpClient/HCl#a] HTTP/1.1 (0.5s) 200 response from GET https://v4.plex.tv/pms/:/ip
Mar 29, 2025 22:56:02.734 [140681919904568] DEBUG - PublicAddressManager: Got public IP from v4.plex.tv: 73.217.117.223
Mar 29, 2025 22:56:02.773 [140681922014008] DEBUG - [HttpClient/HCl#e] HTTP/1.1 (0.6s) 200 response from GET https://plex.tv/api/v2/features?X-Plex-Token=xxxxxxxxxxxxxxxxxxxx
Mar 29, 2025 22:56:02.774 [140681881131832] DEBUG - [HCl#10] HTTP requesting GET https://plex.tv/api/v2/server/users/features
Mar 29, 2025 22:56:02.776 [140681922014008] DEBUG - [HttpClient/HCl#b] HTTP/1.1 (0.6s) 200 response from GET https://plex.tv/api/v2/user?includeSubscriptions=1&includeProviders=1
Mar 29, 2025 22:56:02.778 [140681915579192] DEBUG - MyPlex: username is williamwest407, login is williamneilwest@gmail.com, home is 0, no pin
Mar 29, 2025 22:56:02.779 [140681900116792] DEBUG - [HCl#11] HTTP requesting GET https://plex.tv/api/v2/geoip
Mar 29, 2025 22:56:02.790 [140681909021496] DEBUG - Request: [127.0.0.1:60638 (Loopback)] GET /system/messaging/clear_events/com.plexapp.agents.imdb (2 live) #8 GZIP Signed-in Token (williamwest407)
Mar 29, 2025 22:56:02.791 [140681909021496] DEBUG - [Req#8] [com.plexapp.system] Sending command over HTTP (GET): /system/messaging/clear_events/com.plexapp.agents.imdb
Mar 29, 2025 22:56:02.791 [140681909021496] DEBUG - [Req#8/HCl#12] HTTP requesting GET http://127.0.0.1:43495/system/messaging/clear_events/com.plexapp.agents.imdb
Mar 29, 2025 22:56:02.805 [140681922014008] DEBUG - [HttpClient/HCl#12] HTTP/1.1 (0.0s) 200 response from GET http://127.0.0.1:43495/system/messaging/clear_events/com.plexapp.agents.imdb (reused)
Mar 29, 2025 22:56:02.805 [140681909021496] DEBUG - [Req#8] [com.plexapp.system] HTTP reply status 200, with 0 bytes of content.
Mar 29, 2025 22:56:02.805 [140681935989560] DEBUG - Completed: [127.0.0.1:60638] 200 GET /system/messaging/clear_events/com.plexapp.agents.imdb (2 live) #8 GZIP 14ms 280 bytes
Mar 29, 2025 22:56:02.869 [140681906912056] DEBUG - Request: [127.0.0.1:60646 (Loopback)] GET /:/plugins/com.plexapp.system/resourceHashes (2 live) #b GZIP Signed-in Token (williamwest407)
Mar 29, 2025 22:56:02.869 [140681906912056] DEBUG - [Req#b] [com.plexapp.system] Sending command over HTTP (GET): /:/plugins/com.plexapp.system/resourceHashes
Mar 29, 2025 22:56:02.869 [140681906912056] DEBUG - [Req#b/HCl#13] HTTP requesting GET http://127.0.0.1:43495/:/plugins/com.plexapp.system/resourceHashes
Mar 29, 2025 22:56:02.932 [140681922014008] DEBUG - [HttpClient/HCl#11] HTTP/1.1 (0.2s) 200 response from GET https://plex.tv/api/v2/geoip (reused)
Mar 29, 2025 22:56:02.933 [140681935989560] DEBUG - [EventSourceClient/pubsub/45.33.119.35:443] Resolving 45.33.119.35 port 443
Mar 29, 2025 22:56:02.933 [140681883241272] DEBUG - [HCl#14] HTTP requesting GET https://plex.tv/api/v2/server/webhooks?X-Plex-Token=xxxxxxxxxxxxxxxxxxxx
Mar 29, 2025 22:56:02.933 [140681872694072] DEBUG - [MediaProviderManager/HCl#15] HTTP requesting GET https://plex.tv/media/providers?X-Plex-Token=xxxxxxxxxxxxxxxxxxxx
Mar 29, 2025 22:56:02.933 [140681935989560] DEBUG - [EventSourceClient/pubsub/45.33.119.35:443] Resolved 45.33.119.35 to 45.33.119.35:443
Mar 29, 2025 22:56:02.934 [140681900116792] DEBUG - [HCl#16] HTTP requesting GET https://plex.tv/api/v2/user/privacy?X-Plex-Token=xxxxxxxxxxxxxxxxxxxx
Mar 29, 2025 22:56:02.955 [140681922014008] DEBUG - [HttpClient/HCl#10] HTTP/1.1 (0.2s) 403 response from GET https://plex.tv/api/v2/server/users/features (reused)
Mar 29, 2025 22:56:02.955 [140681915579192] ERROR - MyPlex: Error 403 requesting JSON from: https://plex.tv/api/v2/server/users/features
Mar 29, 2025 22:56:02.955 [140681881131832] WARN - FeatureManager: Couldn't get features. Trying again soon.
Mar 29, 2025 22:56:02.972 [140681943591736] DEBUG - [JobRunner] Job running: /usr/lib/plexmediaserver/CrashUploader "--directory=/config/Library/Application Support/Plex Media Server/Crash Reports/1.41.5.9522-a96edc606" --version=1.41.5.9522-a96edc606 --platform=Linux --platformVersion=6.1.0-32-amd64 --serverUuid=c073436a724726c83bbaba99a80038a153ca2612 --userId=williamneilwest@gmail.com --sentryUrl=https://o17675.ingest.sentry.io/api/1233455/ --sentryKey=xxxxxxxxxxxxxxxxxxxxxxxxxxxxxxxx --vendor=Docker --model=x86_64 "--device=Docker Container"
Mar 29, 2025 22:56:02.972 [140681943591736] DEBUG - [JobRunner] Jobs: Starting child process with pid 379
Mar 29, 2025 22:56:02.981 [140681946139448] DEBUG - Jobs: '/usr/lib/plexmediaserver/CrashUploader' exit code for process 379 is 0 (success)
Mar 29, 2025 22:56:03.031 [140681933880120] DEBUG - [EventSourceClient/pubsub/45.33.119.35:443] Connected in 98 ms.
Mar 29, 2025 22:56:03.031 [140681933880120] DEBUG - [EventSourceClient/pubsub/45.33.119.35:443] Wrote data, reading reply.
Mar 29, 2025 22:56:03.081 [140681922014008] DEBUG - [HttpClient/HCl#16] HTTP/1.1 (0.1s) 200 response from GET https://plex.tv/api/v2/user/privacy?X-Plex-Token=xxxxxxxxxxxxxxxxxxxx (reused)
Mar 29, 2025 22:56:03.083 [140681900116792] DEBUG - [HCl#18] HTTP requesting GET https://plex.tv/api/v2/release_channels?X-Plex-Token=xxxxxxxxxxxxxxxxxxxx
Mar 29, 2025 22:56:03.084 [140681922014008] DEBUG - [HttpClient/HCl#14] HTTP/1.1 (0.2s) 403 response from GET https://plex.tv/api/v2/server/webhooks?X-Plex-Token=xxxxxxxxxxxxxxxxxxxx (reused)
Mar 29, 2025 22:56:03.086 [140681922014008] DEBUG - [HttpClient/HCl#15] HTTP/1.1 (0.2s) 200 response from GET https://plex.tv/media/providers?X-Plex-Token=xxxxxxxxxxxxxxxxxxxx (reused)
Mar 29, 2025 22:56:03.086 [140681872694072] DEBUG - [MediaProviderManager] discovered cloud provider (Movies & Shows)
Mar 29, 2025 22:56:03.086 [140681872694072] DEBUG - [MediaProviderManager] discovered cloud provider (Metadata)
Mar 29, 2025 22:56:03.086 [140681872694072] DEBUG - [MediaProviderManager] loading cloud provider details (Metadata) (alive: 1)
Mar 29, 2025 22:56:03.086 [140681872694072] DEBUG - [MediaProviderManager] loading cloud provider details (Movies & Shows) (alive: 1)
Mar 29, 2025 22:56:03.086 [140681872694072] DEBUG - [MediaProviderManager] we had 2 cloud providers online, we now have 2
Mar 29, 2025 22:56:03.086 [140681872694072] DEBUG - [MediaProviderManager] cloud provider (Metadata) is online and available
Mar 29, 2025 22:56:03.086 [140681872694072] DEBUG - [MediaProviderManager] cloud provider (Movies & Shows) is online and available
Mar 29, 2025 22:56:03.193 [140681922014008] DEBUG - [HttpClient/HCl#13] HTTP/1.1 (0.3s) 404 response from GET http://127.0.0.1:43495/:/plugins/com.plexapp.system/resourceHashes
Mar 29, 2025 22:56:03.193 [140681906912056] DEBUG - [Req#b] [com.plexapp.system] HTTP reply status 404, with 0 bytes of content.
Mar 29, 2025 22:56:03.194 [140681933880120] DEBUG - Completed: [127.0.0.1:60646] 404 GET /:/plugins/com.plexapp.system/resourceHashes (2 live) #b GZIP 324ms 261 bytes
Mar 29, 2025 22:56:03.204 [140681909021496] DEBUG - Request: [127.0.0.1:60648 (Loopback)] GET /:/plugins/com.plexapp.system/messaging/function/X0J1bmRsZVNlcnZpY2U6QWxsU2VydmljZXM_/Y2VyZWFsMQoxCmxpc3QKMApyMAo_/Y2VyZWFsMQoxCmRpY3QKMApyMAo_ (2 live) #d GZIP Signed-in Token (williamwest407)
Mar 29, 2025 22:56:03.204 [140681909021496] DEBUG - [Req#d] [com.plexapp.system] Sending command over HTTP (GET): /:/plugins/com.plexapp.system/messaging/function/X0J1bmRsZVNlcnZpY2U6QWxsU2VydmljZXM_/Y2VyZWFsMQoxCmxpc3QKMApyMAo_/Y2VyZWFsMQoxCmRpY3QKMApyMAo_
Mar 29, 2025 22:56:03.204 [140681909021496] DEBUG - [Req#d/HCl#19] HTTP requesting GET http://127.0.0.1:43495/:/plugins/com.plexapp.system/messaging/function/X0J1bmRsZVNlcnZpY2U6QWxsU2VydmljZXM_/Y2VyZWFsMQoxCmxpc3QKMApyMAo_/Y2VyZWFsMQoxCmRpY3QKMApyMAo_
Mar 29, 2025 22:56:03.205 [140681906912056] DEBUG - Request: [127.0.0.1:60660 (Loopback)] GET / (3 live) #11 GZIP Signed-in Token (williamwest407)
Mar 29, 2025 22:56:03.206 [140681935989560] DEBUG - Completed: [127.0.0.1:60660] 200 GET / (3 live) #11 GZIP 1ms 3828 bytes
Mar 29, 2025 22:56:03.208 [140681922014008] DEBUG - [HttpClient/HCl#19] HTTP/1.1 (0.0s) 200 response from GET http://127.0.0.1:43495/:/plugins/com.plexapp.system/messaging/function/X0J1bmRsZVNlcnZpY2U6QWxsU2VydmljZXM_/Y2VyZWFsMQoxCmxpc3QKMApyMAo_/Y2VyZWFsMQoxCmRpY3QKMApyMAo_
Mar 29, 2025 22:56:03.208 [140681909021496] DEBUG - [Req#d] [com.plexapp.system] HTTP reply status 200, with 516 bytes of content.
Mar 29, 2025 22:56:03.209 [140681933880120] DEBUG - Completed: [127.0.0.1:60648] 200 GET /:/plugins/com.plexapp.system/messaging/function/X0J1bmRsZVNlcnZpY2U6QWxsU2VydmljZXM_/Y2VyZWFsMQoxCmxpc3QKMApyMAo_/Y2VyZWFsMQoxCmRpY3QKMApyMAo_ (2 live) #d GZIP 4ms 745 bytes
Mar 29, 2025 22:56:03.239 [140681922014008] DEBUG - [HttpClient/HCl#18] HTTP/1.1 (0.2s) 200 response from GET https://plex.tv/api/v2/release_channels?X-Plex-Token=xxxxxxxxxxxxxxxxxxxx (reused)
Mar 29, 2025 22:56:03.239 [140681900116792] DEBUG - [HCl#1a] HTTP requesting GET https://plex.tv/api/v2/features?X-Plex-Token=xxxxxxxxxxxxxxxxxxxx
Mar 29, 2025 22:56:03.482 [140681922014008] DEBUG - [HttpClient/HCl#1a] HTTP/1.1 (0.2s) 200 response from GET https://plex.tv/api/v2/features?X-Plex-Token=xxxxxxxxxxxxxxxxxxxx (reused)
Mar 29, 2025 22:56:03.484 [140681900116792] DEBUG - [HCl#1b] HTTP requesting GET https://plex.tv/api/v2/server/users/features
Mar 29, 2025 22:56:03.495 [140681935989560] DEBUG - [EventSourceClient/pubsub/45.33.119.35:443] Read HTTP reply header.
Mar 29, 2025 22:56:03.495 [140681935989560] DEBUG - [EventSourceClient/pubsub/45.33.119.35:443] MyPlex: We appear to have regained Internet connectivity.
Mar 29, 2025 22:56:03.519 [140681935989560] DEBUG - [EventSourceClient/pubsub/45.33.119.35:443] PublicAddressManager: Obtaining public address and mapping port.
Mar 29, 2025 22:56:03.519 [140681935989560] DEBUG - [EventSourceClient/pubsub/45.33.119.35:443] MyPlex: async reachability check - current mapped state: 'Not Mapped'.
Mar 29, 2025 22:56:03.519 [140681935989560] WARN - [EventSourceClient/pubsub/45.33.119.35:443] MyPlex: attempted a reachability check but we're not yet mapped.
Mar 29, 2025 22:56:03.519 [140681935989560] DEBUG - [EventSourceClient/pubsub/45.33.119.35:443] Successfully connected to 45.33.119.35.
Mar 29, 2025 22:56:03.608 [140681906912056] DEBUG - Request: [127.0.0.1:60676 (Loopback)] GET /:/plugins/com.plexapp.system/messaging/function/X0FnZW50U2VydmljZTpVcGRhdGVJbmZv/Y2VyZWFsMQoxCmxpc3QKMApyMAo_/Y2VyZWFsMQo3CmRpY3QKbGlzdApkaWN0Cmxpc3QKbGlzdApsaXN0Cmxpc3QKMgpzMjMKY29tLnBsZXhhcHAuYWdlbnRzLmltZGJzMTAKaWRlbnRpZmllcnIxCnMxMAphZ2VudF9pbmZvMQpyMgoxMApyMwpzMTEKbWVkaWFfdHlwZXNyNApzMTIKYWNjZXB0c19mcm9tbnMxNApmYWxsYmFja19hZ2VudHI1CnMxNApjb250cmlidXRlc190b3I2CnM5Cmxhbmd1YWdlc2IxczIwCnBlcnNpc3Rfc3RvcmVkX2ZpbGVzaTAKczcKdmVyc2lvbmIxczE2CnByaW1hcnlfcHJvdmlkZXJiMXM1CnByZWZzczE5ClBsZXggTW92aWUgKExlZ2FjeSlzNApuYW1lMQpzNQpNb3ZpZTEKczI5CmNvbS5wbGV4YXBwLmFnZW50cy5sb2NhbG1lZGlhMQpzMjkKY29tLnBsZXhhcHAuYWdlbnRzLnRoZW1vdmllZGIzMwpzMgplbnMyCnN2czIKZnJzMgplc3MyCm5sczIKZGVzMgppdHMyCmRhczIKYXJzMgpjYXMyCnpoczIKY3NzMgpldHMyCmZpczIKZWxzMgpoZXMyCmhpczIKaHVzMgppZHMyCmphczIKa29zMgpsdnMyCm5vczIKZmFzMgpwbHMyCnB0czIKcm9zMgpydXMyCnNrczIKdGhzMgp0cnMyCnVrczIKdmlyMAo_ (2 live) #12 GZIP Signed-in Token (williamwest407)
Mar 29, 2025 22:56:03.608 [140681906912056] DEBUG - [Req#12] [com.plexapp.system] Sending command over HTTP (GET): /:/plugins/com.plexapp.system/messaging/function/X0FnZW50U2VydmljZTpVcGRhdGVJbmZv/Y2VyZWFsMQoxCmxpc3QKMApyMAo_/Y2VyZWFsMQo3CmRpY3QKbGlzdApkaWN0Cmxpc3QKbGlzdApsaXN0Cmxpc3QKMgpzMjMKY29tLnBsZXhhcHAuYWdlbnRzLmltZGJzMTAKaWRlbnRpZmllcnIxCnMxMAphZ2VudF9pbmZvMQpyMgoxMApyMwpzMTEKbWVkaWFfdHlwZXNyNApzMTIKYWNjZXB0c19mcm9tbnMxNApmYWxsYmFja19hZ2VudHI1CnMxNApjb250cmlidXRlc190b3I2CnM5Cmxhbmd1YWdlc2IxczIwCnBlcnNpc3Rfc3RvcmVkX2ZpbGVzaTAKczcKdmVyc2lvbmIxczE2CnByaW1hcnlfcHJvdmlkZXJiMXM1CnByZWZzczE5ClBsZXggTW92aWUgKExlZ2FjeSlzNApuYW1lMQpzNQpNb3ZpZTEKczI5CmNvbS5wbGV4YXBwLmFnZW50cy5sb2NhbG1lZGlhMQpzMjkKY29tLnBsZXhhcHAuYWdlbnRzLnRoZW1vdmllZGIzMwpzMgplbnMyCnN2czIKZnJzMgplc3MyCm5sczIKZGVzMgppdHMyCmRhczIKYXJzMgpjYXMyCnpoczIKY3NzMgpldHMyCmZpczIKZWxzMgpoZXMyCmhpczIKaHVzMgppZHMyCmphczIKa29zMgpsdnMyCm5vczIKZmFzMgpwbHMyCnB0czIKcm9zMgpydXMyCnNrczIKdGhzMgp0cnMyCnVrczIKdmlyMAo_
Mar 29, 2025 22:56:03.609 [140681906912056] DEBUG - [Req#12/HCl#1c] HTTP requesting GET http://127.0.0.1:43495/:/plugins/com.plexapp.system/messaging/function/X0FnZW50U2VydmljZTpVcGRhdGVJbmZv/Y2VyZWFsMQoxCmxpc3QKMApyMAo_/Y2VyZWFsMQo3CmRpY3QKbGlzdApkaWN0Cmxpc3QKbGlzdApsaXN0Cmxpc3QKMgpzMjMKY29tLnBsZXhhcHAuYWdlbnRzLmltZGJzMTAKaWRlbnRpZmllcnIxCnMxMAphZ2VudF9pbmZvMQpyMgoxMApyMwpzMTEKbWVkaWFfdHlwZXNyNApzMTIKYWNjZXB0c19mcm9tbnMxNApmYWxsYmFja19hZ2VudHI1CnMxNApjb250cmlidXRlc190b3I2CnM5Cmxhbmd1YWdlc2IxczIwCnBlcnNpc3Rfc3RvcmVkX2ZpbGVzaTAKczcKdmVyc2lvbmIxczE2CnByaW1hcnlfcHJvdmlkZXJiMXM1CnByZWZzczE5ClBsZXggTW92aWUgKExlZ2FjeSlzNApuYW1lMQpzNQpNb3ZpZTEKczI5CmNvbS5wbGV4YXBwLmFnZW50cy5sb2NhbG1lZGlhMQpzMjkKY29tLnBsZXhhcHAuYWdlbnRzLnRoZW1vdmllZGIzMwpzMgplbnMyCnN2czIKZnJzMgplc3MyCm5sczIKZGVzMgppdHMyCmRhczIKYXJzMgpjYXMyCnpoczIKY3NzMgpldHMyCmZpczIKZWxzMgpoZXMyCmhpczIKaHVzMgppZHMyCmphczIKa29zMgpsdnMyCm5vczIKZmFzMgpwbHMyCnB0czIKcm9zMgpydXMyCnNrczIKdGhzMgp0cnMyCnVrczIKdmlyMAo_
Mar 29, 2025 22:56:03.614 [140681922014008] DEBUG - [HttpClient/HCl#1c] HTTP/1.1 (0.0s) 200 response from GET http://127.0.0.1:43495/:/plugins/com.plexapp.system/messaging/function/X0FnZW50U2VydmljZTpVcGRhdGVJbmZv/Y2VyZWFsMQoxCmxpc3QKMApyMAo_/Y2VyZWFsMQo3CmRpY3QKbGlzdApkaWN0Cmxpc3QKbGlzdApsaXN0Cmxpc3QKMgpzMjMKY29tLnBsZXhhcHAuYWdlbnRzLmltZGJzMTAKaWRlbnRpZmllcnIxCnMxMAphZ2VudF9pbmZvMQpyMgoxMApyMwpzMTEKbWVkaWFfdHlwZXNyNApzMTIKYWNjZXB0c19mcm9tbnMxNApmYWxsYmFja19hZ2VudHI1CnMxNApjb250cmlidXRlc190b3I2CnM5Cmxhbmd1YWdlc2IxczIwCnBlcnNpc3Rfc3RvcmVkX2ZpbGVzaTAKczcKdmVyc2lvbmIxczE2CnByaW1hcnlfcHJvdmlkZXJiMXM1CnByZWZzczE5ClBsZXggTW92aWUgKExlZ2FjeSlzNApuYW1lMQpzNQpNb3ZpZTEKczI5CmNvbS5wbGV4YXBwLmFnZW50cy5sb2NhbG1lZGlhMQpzMjkKY29tLnBsZXhhcHAuYWdlbnRzLnRoZW1vdmllZGIzMwpzMgplbnMyCnN2czIKZnJzMgplc3MyCm5sczIKZGVzMgppdHMyCmRhczIKYXJzMgpjYXMyCnpoczIKY3NzMgpldHMyCmZpczIKZWxzMgpoZXMyCmhpczIKaHVzMgppZHMyCmphczIKa29zMgpsdnMyCm5vczIKZmFzMgpwbHMyCnB0czIKcm9zMgpydXMyCnNrczIKdGhzMgp0cnMyCnVrczIKdmlyMAo_
Mar 29, 2025 22:56:03.614 [140681906912056] DEBUG - [Req#12] [com.plexapp.system] HTTP reply status 200, with 16 bytes of content.
Mar 29, 2025 22:56:03.615 [140681935989560] DEBUG - Completed: [127.0.0.1:60676] 200 GET /:/plugins/com.plexapp.system/messaging/function/X0FnZW50U2VydmljZTpVcGRhdGVJbmZv/Y2VyZWFsMQoxCmxpc3QKMApyMAo_/Y2VyZWFsMQo3CmRpY3QKbGlzdApkaWN0Cmxpc3QKbGlzdApsaXN0Cmxpc3QKMgpzMjMKY29tLnBsZXhhcHAuYWdlbnRzLmltZGJzMTAKaWRlbnRpZmllcnIxCnMxMAphZ2VudF9pbmZvMQpyMgoxMApyMwpzMTEKbWVkaWFfdHlwZXNyNApzMTIKYWNjZXB0c19mcm9tbnMxNApmYWxsYmFja19hZ2VudHI1CnMxNApjb250cmlidXRlc190b3I2CnM5Cmxhbmd1YWdlc2IxczIwCnBlcnNpc3Rfc3RvcmVkX2ZpbGVzaTAKczcKdmVyc2lvbmIxczE2CnByaW1hcnlfcHJvdmlkZXJiMXM1CnByZWZzczE5ClBsZXggTW92aWUgKExlZ2FjeSlzNApuYW1lMQpzNQpNb3ZpZTEKczI5CmNvbS5wbGV4YXBwLmFnZW50cy5sb2NhbG1lZGlhMQpzMjkKY29tLnBsZXhhcHAuYWdlbnRzLnRoZW1vdmllZGIzMwpzMgplbnMyCnN2czIKZnJzMgplc3MyCm5sczIKZGVzMgppdHMyCmRhczIKYXJzMgpjYXMyCnpoczIKY3NzMgpldHMyCmZpczIKZWxzMgpoZXMyCmhpczIKaHVzMgppZHMyCmphczIKa29zMgpsdnMyCm5vczIKZmFzMgpwbHMyCnB0czIKcm9zMgpydXMyCnNrczIKdGhzMgp0cnMyCnVrczIKdmlyMAo_ (2 live) #12 GZIP 6ms 415 bytes
Mar 29, 2025 22:56:03.618 [140681851599672] DEBUG - [Req#a] Reading 148 bytes in the body, code is 200
Mar 29, 2025 22:56:03.618 [140681851599672] DEBUG - [Req#a] [com.plexapp.agents.imdb] Plug-in running on port 37787.
Mar 29, 2025 22:56:03.618 [140681851599672] DEBUG - [Req#a] Read configuration for [com.plexapp.agents.imdb], had 0 prefixes
Mar 29, 2025 22:56:03.618 [140681851599672] DEBUG - [Req#a] [com.plexapp.agents.imdb] Sending command over HTTP (GET): /:/plugins/com.plexapp.agents.imdb/prefs
Mar 29, 2025 22:56:03.618 [140681851599672] DEBUG - [Req#a/HCl#1d] HTTP requesting GET http://127.0.0.1:37787/:/plugins/com.plexapp.agents.imdb/prefs
Mar 29, 2025 22:56:03.630 [140681922014008] DEBUG - [HttpClient/HCl#1d] HTTP/1.1 (0.0s) 200 response from GET http://127.0.0.1:37787/:/plugins/com.plexapp.agents.imdb/prefs
Mar 29, 2025 22:56:03.630 [140681851599672] DEBUG - [Req#a] [com.plexapp.agents.imdb] HTTP reply status 200, with 2224 bytes of content.
Mar 29, 2025 22:56:03.630 [140681851599672] DEBUG - Caching document http://127.0.0.1:32400/:/plugins/com.plexapp.agents.imdb/prefs as 2c7106f9a1b47da21ec2018997d4d48f2bcdc853
Mar 29, 2025 22:56:03.630 [140681851599672] DEBUG - IVA: Downloading trailer lists.
Mar 29, 2025 22:56:03.633 [140681922014008] DEBUG - [HttpClient/HCl#1b] HTTP/1.1 (0.1s) 403 response from GET https://plex.tv/api/v2/server/users/features (reused)
Mar 29, 2025 22:56:03.633 [140681915579192] ERROR - MyPlex: Error 403 requesting JSON from: https://plex.tv/api/v2/server/users/features
Mar 29, 2025 22:56:03.633 [140681900116792] WARN - FeatureManager: Couldn't get features. Trying again soon.
Mar 29, 2025 22:56:03.640 [140681900116792] DEBUG - CERT: Certificate will not expire soon; we'll check again in a week.
Mar 29, 2025 22:56:03.640 [140681841052472] DEBUG - MyPlex: sendMapping resetting state - previous mapping state: 'Not Mapped'.
Mar 29, 2025 22:56:03.640 [140681841052472] DEBUG - MyPlex: mapping state set to 'Unknown'.
Mar 29, 2025 22:56:03.641 [140681900116792] DEBUG - MyPlex: Updating device connections (from timer: 0)
Mar 29, 2025 22:56:03.641 [140681900116792] DEBUG - [HCl#1f] HTTP requesting PUT https://plex.tv/devices/c073436a724726c83bbaba99a80038a153ca2612?Connection[][uri]=http://172.18.0.4:32400&httpsEnabled=1&httpsRequired=0&dnsRebindingProtection=0&X-Plex-Token=xxxxxxxxxxxxxxxxxxxx
Mar 29, 2025 22:56:03.642 [140681841052472] DEBUG - MyPlex: Sending Server Info to myPlex (user=williamneilwest@gmail.com, ip=, port=0)
Mar 29, 2025 22:56:03.642 [140681841052472] DEBUG - [HCl#20] HTTP requesting POST https://plex.tv/servers.xml?auth_token=xxxxxxxxxxxxxxxxxxxx
Mar 29, 2025 22:56:03.780 [140681851599672] DEBUG - IVA: Downloaded 58 trailers for source 1.
Mar 29, 2025 22:56:03.811 [140681851599672] DEBUG - IVA: Downloaded 28 trailers for source 2.
Mar 29, 2025 22:56:03.835 [140681922014008] DEBUG - [HttpClient/HCl#1f] HTTP/1.1 (0.2s) 200 response from PUT https://plex.tv/devices/c073436a724726c83bbaba99a80038a153ca2612?Connection[][uri]=http://172.18.0.4:32400&httpsEnabled=1&httpsRequired=0&dnsRebindingProtection=0&X-Plex-Token=xxxxxxxxxxxxxxxxxxxx (reused)
Mar 29, 2025 22:56:03.851 [140681922014008] DEBUG - [HttpClient/HCl#20] HTTP/1.1 (0.2s) 422 response from POST https://plex.tv/servers.xml?auth_token=xxxxxxxxxxxxxxxxxxxx (reused)
Mar 29, 2025 22:56:03.851 [140681841052472] DEBUG - MyPlex: Published Mapping State response was 422
Mar 29, 2025 22:56:03.851 [140681841052472] DEBUG - MyPlex: Got response for c073436a724726c83bbaba99a80038a153ca2612 ~ registered :0
Mar 29, 2025 22:56:03.851 [140681841052472] DEBUG - MyPlex: updating mapped state - current state: 'Not Mapped'
Mar 29, 2025 22:56:03.851 [140681841052472] DEBUG - MyPlex: mapping state set to 'Not Mapped'.
Mar 29, 2025 22:56:05.907 [140681909021496] DEBUG - Request: [[::1]:46428 (Loopback)] GET /identity (2 live) #15 Signed-in
Mar 29, 2025 22:56:05.907 [140681935989560] DEBUG - Completed: [[::1]:46428] 200 GET /identity (2 live) #15 0ms 417 bytes (pipelined: 1)
Mar 29, 2025 22:56:07.206 [140681893788472] DEBUG - [NSB] NetworkServiceBrowser: SERVER arrived: 127.0.0.1 (PrideBytes)
Mar 29, 2025 22:56:07.206 [140681893788472] DEBUG - [NSB] Notifying the system bundle an update to server /system/notify/serverUpdated?host=127.0.0.1
Mar 29, 2025 22:56:07.206 [140681893788472] DEBUG - [NSB] [com.plexapp.system] Sending command over HTTP (GET): /system/notify/serverUpdated?host=127.0.0.1
Mar 29, 2025 22:56:07.206 [140681893788472] DEBUG - [NSB/HCl#24] HTTP requesting GET http://127.0.0.1:43495/system/notify/serverUpdated?host=127.0.0.1
Mar 29, 2025 22:56:07.211 [140681906912056] DEBUG - Request: [127.0.0.1:60686 (Loopback)] GET /servers (2 live) #1e GZIP Signed-in Token (williamwest407)
Mar 29, 2025 22:56:07.212 [140681933880120] DEBUG - Completed: [127.0.0.1:60686] 200 GET /servers (2 live) #1e GZIP 0ms 492 bytes
Mar 29, 2025 22:56:07.215 [140681922014008] DEBUG - [HttpClient/HCl#24] HTTP/1.1 (0.0s) 200 response from GET http://127.0.0.1:43495/system/notify/serverUpdated?host=127.0.0.1
Mar 29, 2025 22:56:07.216 [140681893788472] DEBUG - [NSB] [com.plexapp.system] HTTP reply status 200, with 0 bytes of content.
Mar 29, 2025 22:56:07.933 [140681883241272] DEBUG - [PubsubServerManager/process/HCl#25] HTTP requesting GET https://plex.tv/services/pubsub/servers
Mar 29, 2025 22:56:08.080 [140681922014008] DEBUG - [HttpClient/HCl#25] HTTP/1.1 (0.1s) 200 response from GET https://plex.tv/services/pubsub/servers (reused)
Mar 29, 2025 22:56:08.734 [140681883241272] DEBUG - [PubsubServerManager/process] Time to connect to 45.33.119.35 was 101 ms.
Mar 29, 2025 22:56:08.734 [140681883241272] DEBUG - [PubsubServerManager/process] Time to connect to 45.79.211.188 was 143 ms.
Mar 29, 2025 22:56:08.734 [140681883241272] DEBUG - [PubsubServerManager/process] Time to connect to 45.56.91.127 was 181 ms.
Mar 29, 2025 22:56:08.734 [140681883241272] DEBUG - [PubsubServerManager/process] Time to connect to 172.105.19.43 was 187 ms.
Mar 29, 2025 22:56:08.734 [140681883241272] DEBUG - [PubsubServerManager/process] Time to connect to 172.104.218.101 was 192 ms.
Mar 29, 2025 22:56:08.734 [140681883241272] DEBUG - [PubsubServerManager/process] Time to connect to 176.58.127.172 was 420 ms.
Mar 29, 2025 22:56:08.734 [140681883241272] DEBUG - [PubsubServerManager/process] Time to connect to 139.162.170.32 was 428 ms.
Mar 29, 2025 22:56:08.734 [140681883241272] DEBUG - [PubsubServerManager/process] Time to connect to 139.162.75.196 was 443 ms.
Mar 29, 2025 22:56:08.734 [140681883241272] DEBUG - [PubsubServerManager/process] Time to connect to 172.104.173.210 was 651 ms.
Mar 29, 2025 22:56:08.735 [140681883241272] DEBUG - [PubsubServerManager/process] Updating best ping time for 45.33.119.35 to 101 ms.
Mar 29, 2025 22:56:10.998 [140681906912056] DEBUG - Request: [[::1]:46432 (Loopback)] GET /identity (2 live) #21 Signed-in
Mar 29, 2025 22:56:10.999 [140681935989560] DEBUG - Completed: [[::1]:46432] 200 GET /identity (2 live) #21 0ms 417 bytes (pipelined: 1)
Mar 29, 2025 22:56:11.037 [140681872694072] DEBUG - DVR:Device: Discovering and refreshing all devices.
Mar 29, 2025 22:56:11.037 [140681872694072] DEBUG - Grabber: HDHomerun discovered 0 compatible devices.
Mar 29, 2025 22:56:11.038 [140681872694072] DEBUG - [HCl#26] HTTP requesting POST http://127.0.0.1:32600/devices/discover
Mar 29, 2025 22:56:11.875 [140681864256312] DEBUG - [MediaProviderManager/MetadataAgentManager] [tv.plex.agents.movie] provider added to map
Mar 29, 2025 22:56:11.875 [140681864256312] DEBUG - [MediaProviderManager/MetadataAgentManager] [tv.plex.agents.series] provider added to map
Mar 29, 2025 22:56:11.876 [140681864256312] DEBUG - [MediaProviderManager/MetadataAgentManager] [tv.plex.agents.music] provider added to map
Mar 29, 2025 22:56:11.876 [140681864256312] DEBUG - [MediaProviderManager/MetadataAgentManager] [org.musicbrainz.agents.music] provider added to map
Mar 29, 2025 22:56:12.208 [140681847380792] DEBUG - Grabber: Cleaning up orphaned grabs.
Mar 29, 2025 22:56:12.208 [140681847380792] DEBUG - Grabber: Cleaned up 0 decrepit directories in 0.0 sec.
Mar 29, 2025 22:56:12.209 [140681847380792] DEBUG - Activity: registered new activity 0acb1ca0-516a-480f-a2ab-e4b1c5446648 - "Processing subscriptions"
Mar 29, 2025 22:56:12.209 [140681847380792] DEBUG - Subscription: Scheduling subscriptions.
Mar 29, 2025 22:56:12.209 [140681847380792] DEBUG - Subscription: Initialized 0 schedulers.
Mar 29, 2025 22:56:12.209 [140681847380792] DEBUG - Subscription: Starting with 0 grabs, scheduled 0 active ones preemptively.
Mar 29, 2025 22:56:12.209 [140681847380792] DEBUG - Subscription: Scheduled all subscriptions in 0 ms.
Mar 29, 2025 22:56:12.210 [140681847380792] DEBUG - Activity: Ended activity 0acb1ca0-516a-480f-a2ab-e4b1c5446648.
Mar 29, 2025 22:56:12.210 [140681847380792] DEBUG - Subscription: There are 0 active grabs at the end.
Mar 29, 2025 22:56:12.210 [140681847380792] DEBUG - Activity: Ended activity 8189ce69-ef2c-40b2-aa99-f1d19f8aa6ac.
Mar 29, 2025 22:56:12.210 [140681847380792] DEBUG - Subscription: Refreshed all content in 2 ms.
Mar 29, 2025 22:56:12.933 [140681853709112] DEBUG - [HCl#27] HTTP requesting GET https://plex.tv/api/resources.xml?includeHttps=1&includeRelay=1&auth_token=xxxxxxxxxxxxxxxxxxxx
Mar 29, 2025 22:56:13.111 [140681922014008] DEBUG - [HttpClient/HCl#27] HTTP/1.1 (0.2s) 200 response from GET https://plex.tv/api/resources.xml?includeHttps=1&includeRelay=1&auth_token=xxxxxxxxxxxxxxxxxxxx (reused)
Mar 29, 2025 22:56:13.112 [140681853709112] DEBUG - Connection Tester: Testing the server PrideBytes with 2 URLs.
Mar 29, 2025 22:56:13.112 [140681853709112] DEBUG - [HCl#28] HTTP requesting GET https://172-18-0-4.afb115046d014f28b99a7734c8a4c438.plex.direct:32400
Mar 29, 2025 22:56:13.112 [140681853709112] DEBUG - [HCl#29] HTTP requesting GET https://73-217-117-223.afb115046d014f28b99a7734c8a4c438.plex.direct:32400
Mar 29, 2025 22:56:13.148 [140681935989560] WARN - [CERT] TLS connection from [::ffff:172.18.0.4]:49722 came in with unrecognized plex.direct SNI name '172-18-0-4.afb115046d014f28b99a7734c8a4c438.plex.direct'; using installed plex.direct cert
Mar 29, 2025 22:56:13.155 [140681922014008] WARN - [HttpClient/HCl#28] HTTP error requesting GET https://172-18-0-4.afb115046d014f28b99a7734c8a4c438.plex.direct:32400 (60, SSL peer certificate or SSH remote key was not OK) (SSL: no alternative certificate subject name matches target host name '172-18-0-4.afb115046d014f28b99a7734c8a4c438.plex.direct')
Mar 29, 2025 22:56:13.206 [140681933880120] WARN - [CERT] TLS connection from [::ffff:73.217.117.223]:38672 came in with unrecognized plex.direct SNI name '73-217-117-223.afb115046d014f28b99a7734c8a4c438.plex.direct'; using installed plex.direct cert
Mar 29, 2025 22:56:13.216 [140681922014008] WARN - [HttpClient/HCl#29] HTTP error requesting GET https://73-217-117-223.afb115046d014f28b99a7734c8a4c438.plex.direct:32400 (60, SSL peer certificate or SSH remote key was not OK) (SSL: no alternative certificate subject name matches target host name '73-217-117-223.afb115046d014f28b99a7734c8a4c438.plex.direct')
Mar 29, 2025 22:56:13.216 [140681889569592] WARN - Connection Tester: Error testing media server PrideBytes in 103 ms.
Mar 29, 2025 22:56:13.216 [140681889569592] DEBUG - PromiseQueue: promise resolved (queued: 0, active: 0)
Mar 29, 2025 22:56:13.216 [140681853709112] DEBUG - Media Server: Tested all servers in 0.1 seconds.
Mar 29, 2025 22:56:13.479 [140681922014008] DEBUG - [HttpClient/HCl#26] HTTP/1.1 (2.4s) 200 response from POST http://127.0.0.1:32600/devices/discover
Mar 29, 2025 22:56:14.744 [140681919904568] DEBUG - NAT: UPnP, getPublicIP didn't find usable IGD.
Mar 29, 2025 22:56:14.995 [140681919904568] WARN - NAT: PMP, got an error: Not Supported by gateway.
Mar 29, 2025 22:56:14.995 [140681919904568] DEBUG - [HCl#2a] HTTP requesting GET https://73-217-117-223.c5578e9e8a7b4d4abb76dab51761555c.plex.direct:32400/identity
Mar 29, 2025 22:56:15.085 [140681909021496] DEBUG - Request: [73.217.117.223:38684 (WAN)] GET /identity (2 live) #28 TLS GZIP Signed-in
Mar 29, 2025 22:56:15.161 [140681922014008] DEBUG - [HttpClient/HCl#2a] HTTP/1.1 (0.2s) 200 response from GET https://73-217-117-223.c5578e9e8a7b4d4abb76dab51761555c.plex.direct:32400/identity
Mar 29, 2025 22:56:15.162 [140681935989560] DEBUG - Completed: [73.217.117.223:38684] 200 GET /identity (2 live) #28 TLS GZIP 76ms 489 bytes (pipelined: 1)
Mar 29, 2025 22:56:15.162 [140681919904568] DEBUG - MyPlex: mapping state set to 'Mapped - Not Published'.
Mar 29, 2025 22:56:15.162 [140681919904568] DEBUG - MyPlex: sendMapping resetting state - previous mapping state: 'Mapped - Not Published'.
Mar 29, 2025 22:56:15.162 [140681919904568] DEBUG - MyPlex: mapping state set to 'Unknown'.
Mar 29, 2025 22:56:15.164 [140681919904568] DEBUG - MyPlex: Sending Server Info to myPlex (user=williamneilwest@gmail.com, ip=73.217.117.223, port=32400)
Mar 29, 2025 22:56:15.164 [140681919904568] DEBUG - [HCl#2b] HTTP requesting POST https://plex.tv/servers.xml?auth_token=xxxxxxxxxxxxxxxxxxxx
Mar 29, 2025 22:56:15.376 [140681922014008] DEBUG - [HttpClient/HCl#2b] HTTP/1.1 (0.2s) 201 response from POST https://plex.tv/servers.xml?auth_token=xxxxxxxxxxxxxxxxxxxx (reused)
Mar 29, 2025 22:56:15.376 [140681919904568] DEBUG - MyPlex: Published Mapping State response was 201
Mar 29, 2025 22:56:15.376 [140681919904568] DEBUG - MyPlex: Got response for c073436a724726c83bbaba99a80038a153ca2612 ~ registered 73.217.117.223:32400
Mar 29, 2025 22:56:15.376 [140681919904568] DEBUG - MyPlex: updating mapped state - current state: 'Mapped - Not Published'
Mar 29, 2025 22:56:15.376 [140681919904568] DEBUG - MyPlex: mapping state set to 'Mapped - Publishing'.
Mar 29, 2025 22:56:15.376 [140681919904568] DEBUG - MyPlex: async reachability check - current mapped state: 'Mapped - Publishing'.
Mar 29, 2025 22:56:15.376 [140681919904568] DEBUG - MyPlex: Requesting reachability check.
Mar 29, 2025 22:56:15.376 [140681919904568] DEBUG - [HCl#2c] HTTP requesting PUT https://plex.tv/api/servers/c073436a724726c83bbaba99a80038a153ca2612/connectivity?X-Plex-Token=xxxxxxxxxxxxxxxxxxxx&asyncIdentifier=ccadb276-58f9-4488-ba5b-3ac1bf15d841
Mar 29, 2025 22:56:15.486 [140681933880120] DEBUG - [EventSourceClient/pubsub/45.33.119.35:443] EventSource: Got event [data] '<Message command="notifyFavoritesChange"/>'
Mar 29, 2025 22:56:15.514 [140681935989560] WARN - [CERT] TLS connection from [::ffff:46.51.207.89]:59678 came in with unrecognized plex.direct SNI name '73-217-117-223.afb115046d014f28b99a7734c8a4c438.plex.direct'; using installed plex.direct cert
Mar 29, 2025 22:56:15.531 [140681922014008] DEBUG - [HttpClient/HCl#2c] HTTP/1.1 (0.2s) 200 response from PUT https://plex.tv/api/servers/c073436a724726c83bbaba99a80038a153ca2612/connectivity?X-Plex-Token=xxxxxxxxxxxxxxxxxxxx&asyncIdentifier=ccadb276-58f9-4488-ba5b-3ac1bf15d841 (reused)
Mar 29, 2025 22:56:15.532 [140681919904568] DEBUG - MyPlex: Updating device connections (from timer: 0)
Mar 29, 2025 22:56:15.533 [140681919904568] DEBUG - [HCl#2d] HTTP requesting PUT https://plex.tv/devices/c073436a724726c83bbaba99a80038a153ca2612?Connection[][uri]=http://73.217.117.223:32400&Connection[][uri]=http://172.18.0.4:32400&httpsEnabled=1&httpsRequired=0&dnsRebindingProtection=0&natLoopbackSupported=1&X-Plex-Token=xxxxxxxxxxxxxxxxxxxx
Mar 29, 2025 22:56:15.702 [140681922014008] DEBUG - [HttpClient/HCl#2d] HTTP/1.1 (0.2s) 200 response from PUT https://plex.tv/devices/c073436a724726c83bbaba99a80038a153ca2612?Connection[][uri]=http://73.217.117.223:32400&Connection[][uri]=http://172.18.0.4:32400&httpsEnabled=1&httpsRequired=0&dnsRebindingProtection=0&natLoopbackSupported=1&X-Plex-Token=xxxxxxxxxxxxxxxxxxxx (reused)
Mar 29, 2025 22:56:15.900 [140681906912056] DEBUG - Request: [46.51.207.89:59684 (WAN)] GET /identity (3 live) #30 TLS Signed-in
Mar 29, 2025 22:56:15.901 [140681935989560] DEBUG - Completed: [46.51.207.89:59684] 200 GET /identity (3 live) #30 TLS 0ms 417 bytes (pipelined: 1)
Mar 29, 2025 22:56:16.102 [140681906912056] DEBUG - Request: [[::1]:47112 (Loopback)] GET /identity (4 live) #34 Signed-in
Mar 29, 2025 22:56:16.102 [140681935989560] DEBUG - Completed: [[::1]:47112] 200 GET /identity (4 live) #34 0ms 417 bytes (pipelined: 1)
Mar 29, 2025 22:56:16.165 [140681933880120] DEBUG - [EventSourceClient/pubsub/45.33.119.35:443] EventSource: Got event [data] '<Message address="73.217.117.223" port="32400" asyncIdentifier="ccadb276-58f9-4488-ba5b-3ac1bf15d841" connectivity="1" command="notifyConnectivity"/>'
Mar 29, 2025 22:56:16.165 [140681933880120] DEBUG - [EventSourceClient/pubsub/45.33.119.35:443] PubSub: Got notified of reachability for async identifier ccadb276-58f9-4488-ba5b-3ac1bf15d841: 1 for 73.217.117.223:32400 (responded in 633 ms)
Mar 29, 2025 22:56:16.165 [140681933880120] DEBUG - [EventSourceClient/pubsub/45.33.119.35:443] MyPlex: reachability check - current mapping state: 'Mapped - Publishing'.
Mar 29, 2025 22:56:16.165 [140681933880120] DEBUG - [EventSourceClient/pubsub/45.33.119.35:443] MyPlex: mapping state set to 'Mapped'.
Mar 29, 2025 22:56:21.177 [140681909021496] DEBUG - Request: [[::1]:47118 (Loopback)] GET /identity (4 live) #36 Signed-in
Mar 29, 2025 22:56:21.177 [140681933880120] DEBUG - Completed: [[::1]:47118] 200 GET /identity (4 live) #36 0ms 417 bytes (pipelined: 1)
Mar 29, 2025 22:56:26.293 [140681909021496] DEBUG - Request: [[::1]:60610 (Loopback)] GET /identity (4 live) #39 Signed-in
Mar 29, 2025 22:56:26.293 [140681933880120] DEBUG - Completed: [[::1]:60610] 200 GET /identity (4 live) #39 0ms 417 bytes (pipelined: 1)
Mar 29, 2025 22:56:29.442 [140681946139448] DEBUG - Shutting down with signal 15 (Terminated)
Mar 29, 2025 22:56:29.442 [140681946139448] DEBUG - Ordered to stop server.
Mar 29, 2025 22:56:29.442 [140681946139448] DEBUG - [JobRunner] Job running: /usr/lib/plexmediaserver/CrashUploader --sessionStatus=exited --sessionStart=1743310560 --sessionDuration=29 --version=1.41.5.9522-a96edc606 --userId=williamneilwest@gmail.com --sentryUrl=https://o17675.ingest.sentry.io/api/1233455/ --sentryKey=xxxxxxxxxxxxxxxxxxxxxxxxxxxxxxxx
Mar 29, 2025 22:56:29.443 [140681946139448] DEBUG - [JobRunner] Jobs: Starting child process with pid 440
Mar 29, 2025 22:56:29.443 [140681950870160] DEBUG - Stopping server...
Mar 29, 2025 22:56:29.443 [140681950870160] DEBUG - HttpServer: Stopping server.
Mar 29, 2025 22:56:29.443 [140681862146872] DEBUG - TranscodeJobManager: [Running] onServerShutdown
Mar 29, 2025 22:56:29.443 [140681862146872] DEBUG - TranscodeJobManager: [Running] -> [Shutdown]
Mar 29, 2025 22:56:29.443 [140681872694072] DEBUG - MetadataItemClusterRequestHandler: a shutdown event has been received
Mar 29, 2025 22:56:29.443 [140681950870160] DEBUG - Server stopped.
Mar 29, 2025 22:56:29.443 [140681950870160] DEBUG - NetworkService: Stopping advertisement.
Mar 29, 2025 22:56:29.443 [140681893788472] ERROR - Network Service: Error in advertiser handle read: 125 (Operation canceled) socket=74
Mar 29, 2025 22:56:29.443 [140681950870160] DEBUG - Killing plug-ins.
Mar 29, 2025 22:56:29.453 [140681950870160] DEBUG - [com.plexapp.agents.imdb] Killing.
Mar 29, 2025 22:56:29.455 [140681950870160] DEBUG - [com.plexapp.system] Killing.
Mar 29, 2025 22:56:29.456 [140681946139448] WARN - JobManager: Could not find job for handle 364
Mar 29, 2025 22:56:29.459 [140681950870160] DEBUG - ChildProcessMonitor: Waiting for Plex Tuner Service to exit.
Mar 29, 2025 22:56:29.459 [140681950870160] DEBUG - [JobRunner] Signalling job ID 324 with 2
Mar 29, 2025 22:56:29.460 [140681946139448] WARN - JobManager: Could not find job for handle 279
Mar 29, 2025 22:56:29.483 [140681946139448] DEBUG - Jobs: '/usr/lib/plexmediaserver/Plex Tuner Service' exit code for process 324 is 0 (success)
Mar 29, 2025 22:56:29.483 [140681885350712] DEBUG - [ChildProcessMonitor] Plex Tuner Service exited.
Mar 29, 2025 22:56:29.483 [140681950870160] DEBUG - Database: Shutting down.
Mar 29, 2025 22:56:29.489 [140681950870160] DEBUG - Database: Shutting down.
